#
# There is insufficient memory for the Java Runtime Environment to continue.
# Native memory allocation (malloc) failed to allocate 89776 bytes for Chunk::new
# Possible reasons:
#   The system is out of physical RAM or swap space
#   The process is running with CompressedOops enabled, and the Java Heap may be blocking the growth of the native heap
# Possible solutions:
#   Reduce memory load on the system
#   Increase physical memory or swap space
#   Check if swap backing store is full
#   Decrease Java heap size (-Xmx/-Xms)
#   Decrease number of Java threads
#   Decrease Java thread stack sizes (-Xss)
#   Set larger code cache with -XX:ReservedCodeCacheSize=
#   JVM is running with Unscaled Compressed Oops mode in which the Java heap is
#     placed in the first 4GB address space. The Java Heap base address is the
#     maximum limit for the native heap growth. Please use -XX:HeapBaseMinAddress
#     to set the Java Heap base and to place the Java Heap above 4GB virtual address.
# This output file may be truncated or incomplete.
#
#  Out of Memory Error (./open/src/hotspot/share/memory/arena.cpp:197), pid=7012, tid=6032
#
# JRE version: Java(TM) SE Runtime Environment 18.9 (11.0.15+8) (build 11.0.15+8-LTS-149)
# Java VM: Java HotSpot(TM) 64-Bit Server VM 18.9 (11.0.15+8-LTS-149, mixed mode, tiered, compressed oops, g1 gc, windows-amd64)
# No core dump will be written. Minidumps are not enabled by default on client versions of Windows
#

---------------  S U M M A R Y ------------

Command Line: --add-opens=java.base/java.util=ALL-UNNAMED --add-opens=java.base/java.lang=ALL-UNNAMED --add-opens=java.base/java.lang.invoke=ALL-UNNAMED --add-opens=java.prefs/java.util.prefs=ALL-UNNAMED --add-exports=jdk.compiler/com.sun.tools.javac.api=ALL-UNNAMED --add-exports=jdk.compiler/com.sun.tools.javac.util=ALL-UNNAMED --add-opens=java.base/java.nio.charset=ALL-UNNAMED --add-opens=java.base/java.net=ALL-UNNAMED --add-opens=java.base/java.util.concurrent.atomic=ALL-UNNAMED -XX:MaxMetaspaceSize=384m -XX:+HeapDumpOnOutOfMemoryError -Xms256m -Xmx512m -Dfile.encoding=x-windows-949 -Duser.country=KR -Duser.language=ko -Duser.variant -javaagent:C:\Users\USER\.gradle\wrapper\dists\gradle-8.10.1-bin\e90i968nv55tch01zkse4avv3\gradle-8.10.1\lib\agents\gradle-instrumentation-agent-8.10.1.jar org.gradle.launcher.daemon.bootstrap.GradleDaemon 8.10.1

Host: 11th Gen Intel(R) Core(TM) i7-1165G7 @ 2.80GHz, 8 cores, 15G,  Windows 10 , 64 bit Build 19041 (10.0.19041.4842)
Time: Sun Sep 22 17:31:25 2024 대한민국 표준시 elapsed time: 5572.155249 seconds (0d 1h 32m 52s)

---------------  T H R E A D  ---------------

Current thread (0x0000019f8f87d800):  JavaThread "C2 CompilerThread0" daemon [_thread_in_native, id=6032, stack(0x00000009fd700000,0x00000009fd800000)]


Current CompileTask:
C2:5572155 21827       4       org.gradle.internal.service.ServiceRegistryBuilder::provider (13 bytes)

Stack: [0x00000009fd700000,0x00000009fd800000]
Native frames: (J=compiled Java code, j=interpreted, Vv=VM code, C=native code)
V  [jvm.dll+0x629d8a]
V  [jvm.dll+0x7638ff]
V  [jvm.dll+0x764fa9]
V  [jvm.dll+0x765633]
V  [jvm.dll+0x23d9c8]
V  [jvm.dll+0xb2a1c]
V  [jvm.dll+0xb2fdc]
V  [jvm.dll+0x341047]
V  [jvm.dll+0x30e9b3]
V  [jvm.dll+0x30dcfa]
V  [jvm.dll+0x1f8565]
V  [jvm.dll+0x1f774d]
V  [jvm.dll+0x177c51]
V  [jvm.dll+0x207026]
V  [jvm.dll+0x2051bb]
V  [jvm.dll+0x729820]
V  [jvm.dll+0x7223f4]
V  [jvm.dll+0x628c26]
C  [ucrtbase.dll+0x21bb2]
C  [KERNEL32.DLL+0x17374]
C  [ntdll.dll+0x4cc91]


---------------  P R O C E S S  ---------------

Threads class SMR info:
_java_thread_list=0x0000019f91e29900, length=41, elements={
0x0000019ff27f1000, 0x0000019fffe71800, 0x0000019fffe7c800, 0x0000019f8f867000,
0x0000019f8f868000, 0x0000019f8f869800, 0x0000019f8f87d800, 0x0000019f8f880800,
0x0000019f8f894000, 0x0000019f8f957800, 0x0000019f90da3800, 0x0000019f91920800,
0x0000019f90ee2000, 0x0000019f91825000, 0x0000019f91824000, 0x0000019f91826800,
0x0000019f91820800, 0x0000019f91822800, 0x0000019f91cc7000, 0x0000019f91cc6000,
0x0000019f91cc8800, 0x0000019f91ccf000, 0x0000019f91ccb000, 0x0000019f91ccb800,
0x0000019f91cd2000, 0x0000019f91ccc800, 0x0000019f952d0000, 0x0000019f952d1000,
0x0000019f96beb000, 0x0000019f91e38800, 0x0000019f91e39800, 0x0000019f91e3c800,
0x0000019f91e3d800, 0x0000019f91e38000, 0x0000019f91e3f000, 0x0000019f91e40000,
0x0000019f91e3e800, 0x0000019f91e3c000, 0x0000019f91e3a000, 0x0000019f91e40800,
0x0000019f91e3b000
}

Java Threads: ( => current thread )
  0x0000019ff27f1000 JavaThread "main" [_thread_blocked, id=25928, stack(0x00000009fcb00000,0x00000009fcc00000)]
  0x0000019fffe71800 JavaThread "Reference Handler" daemon [_thread_blocked, id=13564, stack(0x00000009fd200000,0x00000009fd300000)]
  0x0000019fffe7c800 JavaThread "Finalizer" daemon [_thread_blocked, id=6636, stack(0x00000009fd300000,0x00000009fd400000)]
  0x0000019f8f867000 JavaThread "Signal Dispatcher" daemon [_thread_blocked, id=33560, stack(0x00000009fd400000,0x00000009fd500000)]
  0x0000019f8f868000 JavaThread "Attach Listener" daemon [_thread_blocked, id=34152, stack(0x00000009fd500000,0x00000009fd600000)]
  0x0000019f8f869800 JavaThread "Service Thread" daemon [_thread_blocked, id=27440, stack(0x00000009fd600000,0x00000009fd700000)]
=>0x0000019f8f87d800 JavaThread "C2 CompilerThread0" daemon [_thread_in_native, id=6032, stack(0x00000009fd700000,0x00000009fd800000)]
  0x0000019f8f880800 JavaThread "C1 CompilerThread0" daemon [_thread_blocked, id=36708, stack(0x00000009fd800000,0x00000009fd900000)]
  0x0000019f8f894000 JavaThread "Sweeper thread" daemon [_thread_blocked, id=6764, stack(0x00000009fd900000,0x00000009fda00000)]
  0x0000019f8f957800 JavaThread "Common-Cleaner" daemon [_thread_blocked, id=24680, stack(0x00000009fda00000,0x00000009fdb00000)]
  0x0000019f90da3800 JavaThread "Daemon health stats" [_thread_blocked, id=32404, stack(0x00000009fe300000,0x00000009fe400000)]
  0x0000019f91920800 JavaThread "Incoming local TCP Connector on port 57284" [_thread_in_native, id=25476, stack(0x00000009fe100000,0x00000009fe200000)]
  0x0000019f90ee2000 JavaThread "Daemon periodic checks" [_thread_blocked, id=15848, stack(0x00000009fe200000,0x00000009fe300000)]
  0x0000019f91825000 JavaThread "Cache worker for journal cache (C:\Users\USER\.gradle\caches\journal-1)" [_thread_in_native, id=17208, stack(0x00000009fee00000,0x00000009fef00000)]
  0x0000019f91824000 JavaThread "File lock request listener" [_thread_in_native, id=33508, stack(0x00000009fef00000,0x00000009ff000000)]
  0x0000019f91826800 JavaThread "Cache worker for file hash cache (C:\Users\USER\.gradle\caches\8.10.1\fileHashes)" [_thread_blocked, id=21136, stack(0x00000009ff000000,0x00000009ff100000)]
  0x0000019f91820800 JavaThread "File watcher server" daemon [_thread_in_native, id=32184, stack(0x00000009ff400000,0x00000009ff500000)]
  0x0000019f91822800 JavaThread "File watcher consumer" daemon [_thread_blocked, id=21972, stack(0x00000009ff500000,0x00000009ff600000)]
  0x0000019f91cc7000 JavaThread "Cache worker for file content cache (C:\Users\USER\.gradle\caches\8.10.1\fileContent)" [_thread_blocked, id=34972, stack(0x00000009ff700000,0x00000009ff800000)]
  0x0000019f91cc6000 JavaThread "jar transforms" [_thread_blocked, id=20800, stack(0x00000009ffa00000,0x00000009ffb00000)]
  0x0000019f91cc8800 JavaThread "jar transforms Thread 2" [_thread_blocked, id=16112, stack(0x00000009ffb00000,0x00000009ffc00000)]
  0x0000019f91ccf000 JavaThread "jar transforms Thread 3" [_thread_blocked, id=34440, stack(0x00000009ffd00000,0x00000009ffe00000)]
  0x0000019f91ccb000 JavaThread "jar transforms Thread 4" [_thread_blocked, id=34404, stack(0x00000009ffe00000,0x00000009fff00000)]
  0x0000019f91ccb800 JavaThread "jar transforms Thread 5" [_thread_blocked, id=24764, stack(0x00000009fff00000,0x0000000a00000000)]
  0x0000019f91cd2000 JavaThread "jar transforms Thread 6" [_thread_blocked, id=17192, stack(0x0000000980000000,0x0000000980100000)]
  0x0000019f91ccc800 JavaThread "jar transforms Thread 7" [_thread_blocked, id=960, stack(0x0000000980100000,0x0000000980200000)]
  0x0000019f952d0000 JavaThread "Memory manager" [_thread_blocked, id=20500, stack(0x0000000981a00000,0x0000000981b00000)]
  0x0000019f952d1000 JavaThread "jar transforms Thread 8" [_thread_blocked, id=3316, stack(0x0000000980300000,0x0000000980400000)]
  0x0000019f96beb000 JavaThread "Cache worker for Java compile cache (C:\Users\USER\.gradle\caches\8.10.1\javaCompile)" [_thread_blocked, id=21056, stack(0x0000000986b00000,0x0000000986c00000)]
  0x0000019f91e38800 JavaThread "Daemon Thread 18" [_thread_blocked, id=17812, stack(0x0000000980200000,0x0000000980300000)]
  0x0000019f91e39800 JavaThread "Handler for socket connection from /127.0.0.1:57284 to /127.0.0.1:58494" [_thread_in_native, id=34372, stack(0x0000000980400000,0x0000000980500000)]
  0x0000019f91e3c800 JavaThread "Cancel handler" [_thread_blocked, id=8596, stack(0x0000000980500000,0x0000000980600000)]
  0x0000019f91e3d800 JavaThread "Daemon worker Thread 17" [_thread_blocked, id=9944, stack(0x0000000980600000,0x0000000980700000)]
  0x0000019f91e38000 JavaThread "Asynchronous log dispatcher for DefaultDaemonConnection: socket connection from /127.0.0.1:57284 to /127.0.0.1:58494" [_thread_blocked, id=24984, stack(0x0000000980700000,0x0000000980800000)]
  0x0000019f91e3f000 JavaThread "Stdin handler" [_thread_blocked, id=29280, stack(0x0000000980800000,0x0000000980900000)]
  0x0000019f91e40000 JavaThread "Daemon client event forwarder" [_thread_blocked, id=16372, stack(0x0000000980900000,0x0000000980a00000)]
  0x0000019f91e3e800 JavaThread "Cache worker for file hash cache (C:\spring-JungDream\workspace-alone\jung-dream-web\.gradle\8.10.1\fileHashes)" [_thread_blocked, id=14464, stack(0x0000000980a00000,0x0000000980b00000)]
  0x0000019f91e3c000 JavaThread "Cache worker for Build Output Cleanup Cache (C:\spring-JungDream\workspace-alone\jung-dream-web\.gradle\buildOutputCleanup)" [_thread_blocked, id=34204, stack(0x0000000980c00000,0x0000000980d00000)]
  0x0000019f91e3a000 JavaThread "Cache worker for checksums cache (C:\spring-JungDream\workspace-alone\jung-dream-web\.gradle\8.10.1\checksums)" [_thread_blocked, id=36516, stack(0x0000000980d00000,0x0000000980e00000)]
  0x0000019f91e40800 JavaThread "Cache worker for cache directory md-rule (C:\Users\USER\.gradle\caches\8.10.1\md-rule)" [_thread_blocked, id=20648, stack(0x0000000980e00000,0x0000000980f00000)]
  0x0000019f91e3b000 JavaThread "Cache worker for cache directory md-supplier (C:\Users\USER\.gradle\caches\8.10.1\md-supplier)" [_thread_blocked, id=33600, stack(0x0000000981000000,0x0000000981100000)]

Other Threads:
  0x0000019fffe4d000 VMThread "VM Thread" [stack: 0x00000009fd100000,0x00000009fd200000] [id=2120]
  0x0000019f8fb83800 WatcherThread [stack: 0x00000009fdb00000,0x00000009fdc00000] [id=10116]
  0x0000019ff2804800 GCTaskThread "GC Thread#0" [stack: 0x00000009fcc00000,0x00000009fcd00000] [id=29108]
  0x0000019f8fd19800 GCTaskThread "GC Thread#1" [stack: 0x00000009fdc00000,0x00000009fdd00000] [id=13360]
  0x0000019f8fd73000 GCTaskThread "GC Thread#2" [stack: 0x00000009fdd00000,0x00000009fde00000] [id=15076]
  0x0000019f8fe07000 GCTaskThread "GC Thread#3" [stack: 0x00000009fde00000,0x00000009fdf00000] [id=32904]
  0x0000019f8fe07800 GCTaskThread "GC Thread#4" [stack: 0x00000009fdf00000,0x00000009fe000000] [id=7220]
  0x0000019f8fe08000 GCTaskThread "GC Thread#5" [stack: 0x00000009fe000000,0x00000009fe100000] [id=29208]
  0x0000019f8fe11000 GCTaskThread "GC Thread#6" [stack: 0x00000009feb00000,0x00000009fec00000] [id=12124]
  0x0000019f8fdee000 GCTaskThread "GC Thread#7" [stack: 0x00000009fec00000,0x00000009fed00000] [id=32700]
  0x0000019ff2818800 ConcurrentGCThread "G1 Main Marker" [stack: 0x00000009fcd00000,0x00000009fce00000] [id=14560]
  0x0000019ff281b000 ConcurrentGCThread "G1 Conc#0" [stack: 0x00000009fce00000,0x00000009fcf00000] [id=25948]
  0x0000019f907b3000 ConcurrentGCThread "G1 Conc#1" [stack: 0x00000009fed00000,0x00000009fee00000] [id=31192]
  0x0000019fffcdc800 ConcurrentGCThread "G1 Refine#0" [stack: 0x00000009fcf00000,0x00000009fd000000] [id=17024]
  0x0000019f93c1d800 ConcurrentGCThread "G1 Refine#1" [stack: 0x0000000980f00000,0x0000000981000000] [id=20232]
  0x0000019f9209b000 ConcurrentGCThread "G1 Refine#2" [stack: 0x0000000980b00000,0x0000000980c00000] [id=18836]
  0x0000019fffcdd800 ConcurrentGCThread "G1 Young RemSet Sampling" [stack: 0x00000009fd000000,0x00000009fd100000] [id=23208]

Threads with active compile tasks:
C2 CompilerThread05572192 21827       4       org.gradle.internal.service.ServiceRegistryBuilder::provider (13 bytes)

VM state:not at safepoint (normal execution)

VM Mutex/Monitor currently owned by a thread: None

Heap address: 0x00000000e0000000, size: 512 MB, Compressed Oops mode: 32-bit
Narrow klass base: 0x0000000000000000, Narrow klass shift: 3
Compressed class space size: 394264576 Address: 0x0000000100000000

Heap:
 garbage-first heap   total 262144K, used 139123K [0x00000000e0000000, 0x0000000100000000)
  region size 1024K, 49 young (50176K), 11 survivors (11264K)
 Metaspace       used 90612K, capacity 94737K, committed 101560K, reserved 473088K
  class space    used 11287K, capacity 12822K, committed 13824K, reserved 385024K
Heap Regions: E=young(eden), S=young(survivor), O=old, HS=humongous(starts), HC=humongous(continues), CS=collection set, F=free, A=archive, TAMS=top-at-mark-start (previous, next)
|   0|0x00000000e0000000, 0x00000000e0100000, 0x00000000e0100000|100%| O|  |TAMS 0x00000000e0100000, 0x00000000e0000000| Untracked 
|   1|0x00000000e0100000, 0x00000000e0200000, 0x00000000e0200000|100%| O|  |TAMS 0x00000000e0200000, 0x00000000e0100000| Complete 
|   2|0x00000000e0200000, 0x00000000e0300000, 0x00000000e0300000|100%|HS|  |TAMS 0x00000000e0300000, 0x00000000e0200000| Complete 
|   3|0x00000000e0300000, 0x00000000e0400000, 0x00000000e0400000|100%|HC|  |TAMS 0x00000000e0400000, 0x00000000e0300000| Complete 
|   4|0x00000000e0400000, 0x00000000e0500000, 0x00000000e0500000|100%|HC|  |TAMS 0x00000000e0500000, 0x00000000e0400000| Complete 
|   5|0x00000000e0500000, 0x00000000e0600000, 0x00000000e0600000|100%|HC|  |TAMS 0x00000000e0600000, 0x00000000e0500000| Complete 
|   6|0x00000000e0600000, 0x00000000e0700000, 0x00000000e0700000|100%|HS|  |TAMS 0x00000000e0700000, 0x00000000e0600000| Complete 
|   7|0x00000000e0700000, 0x00000000e0800000, 0x00000000e0800000|100%| O|  |TAMS 0x00000000e0800000, 0x00000000e0700000| Untracked 
|   8|0x00000000e0800000, 0x00000000e0900000, 0x00000000e0900000|100%| O|  |TAMS 0x00000000e0900000, 0x00000000e0800000| Untracked 
|   9|0x00000000e0900000, 0x00000000e0a00000, 0x00000000e0a00000|100%| O|  |TAMS 0x00000000e0a00000, 0x00000000e0900000| Untracked 
|  10|0x00000000e0a00000, 0x00000000e0b00000, 0x00000000e0b00000|100%| O|  |TAMS 0x00000000e0b00000, 0x00000000e0a00000| Untracked 
|  11|0x00000000e0b00000, 0x00000000e0c00000, 0x00000000e0c00000|100%| O|  |TAMS 0x00000000e0c00000, 0x00000000e0b00000| Untracked 
|  12|0x00000000e0c00000, 0x00000000e0d00000, 0x00000000e0d00000|100%| O|  |TAMS 0x00000000e0d00000, 0x00000000e0c00000| Untracked 
|  13|0x00000000e0d00000, 0x00000000e0e00000, 0x00000000e0e00000|100%| O|  |TAMS 0x00000000e0e00000, 0x00000000e0d00000| Untracked 
|  14|0x00000000e0e00000, 0x00000000e0f00000, 0x00000000e0f00000|100%| O|  |TAMS 0x00000000e0f00000, 0x00000000e0e00000| Untracked 
|  15|0x00000000e0f00000, 0x00000000e1000000, 0x00000000e1000000|100%| O|  |TAMS 0x00000000e1000000, 0x00000000e0f00000| Untracked 
|  16|0x00000000e1000000, 0x00000000e1100000, 0x00000000e1100000|100%| O|  |TAMS 0x00000000e1100000, 0x00000000e1000000| Untracked 
|  17|0x00000000e1100000, 0x00000000e1200000, 0x00000000e1200000|100%| O|  |TAMS 0x00000000e1200000, 0x00000000e1100000| Untracked 
|  18|0x00000000e1200000, 0x00000000e1300000, 0x00000000e1300000|100%| O|  |TAMS 0x00000000e1300000, 0x00000000e1200000| Untracked 
|  19|0x00000000e1300000, 0x00000000e1400000, 0x00000000e1400000|100%| O|  |TAMS 0x00000000e1400000, 0x00000000e1300000| Complete 
|  20|0x00000000e1400000, 0x00000000e1500000, 0x00000000e1500000|100%| O|  |TAMS 0x00000000e1500000, 0x00000000e1400000| Complete 
|  21|0x00000000e1500000, 0x00000000e1600000, 0x00000000e1600000|100%| O|  |TAMS 0x00000000e1600000, 0x00000000e1500000| Complete 
|  22|0x00000000e1600000, 0x00000000e1700000, 0x00000000e1700000|100%| O|  |TAMS 0x00000000e1700000, 0x00000000e1600000| Complete 
|  23|0x00000000e1700000, 0x00000000e1800000, 0x00000000e1800000|100%| O|  |TAMS 0x00000000e1800000, 0x00000000e1700000| Complete 
|  24|0x00000000e1800000, 0x00000000e1900000, 0x00000000e1900000|100%| O|  |TAMS 0x00000000e1900000, 0x00000000e1800000| Complete 
|  25|0x00000000e1900000, 0x00000000e1a00000, 0x00000000e1a00000|100%| O|  |TAMS 0x00000000e1a00000, 0x00000000e1900000| Complete 
|  26|0x00000000e1a00000, 0x00000000e1b00000, 0x00000000e1b00000|100%| O|  |TAMS 0x00000000e1b00000, 0x00000000e1a00000| Untracked 
|  27|0x00000000e1b00000, 0x00000000e1c00000, 0x00000000e1c00000|100%| O|  |TAMS 0x00000000e1c00000, 0x00000000e1b00000| Complete 
|  28|0x00000000e1c00000, 0x00000000e1d00000, 0x00000000e1d00000|100%| O|  |TAMS 0x00000000e1d00000, 0x00000000e1c00000| Complete 
|  29|0x00000000e1d00000, 0x00000000e1e00000, 0x00000000e1e00000|100%| O|  |TAMS 0x00000000e1e00000, 0x00000000e1d00000| Complete 
|  30|0x00000000e1e00000, 0x00000000e1f00000, 0x00000000e1f00000|100%| O|  |TAMS 0x00000000e1f00000, 0x00000000e1e00000| Untracked 
|  31|0x00000000e1f00000, 0x00000000e2000000, 0x00000000e2000000|100%| O|  |TAMS 0x00000000e2000000, 0x00000000e1f00000| Complete 
|  32|0x00000000e2000000, 0x00000000e2100000, 0x00000000e2100000|100%| O|  |TAMS 0x00000000e2100000, 0x00000000e2000000| Untracked 
|  33|0x00000000e2100000, 0x00000000e2200000, 0x00000000e2200000|100%| O|  |TAMS 0x00000000e2200000, 0x00000000e2100000| Complete 
|  34|0x00000000e2200000, 0x00000000e2300000, 0x00000000e2300000|100%| O|  |TAMS 0x00000000e2300000, 0x00000000e2200000| Complete 
|  35|0x00000000e2300000, 0x00000000e2400000, 0x00000000e2400000|100%| O|  |TAMS 0x00000000e2400000, 0x00000000e2300000| Untracked 
|  36|0x00000000e2400000, 0x00000000e2500000, 0x00000000e2500000|100%| O|  |TAMS 0x00000000e2500000, 0x00000000e2400000| Untracked 
|  37|0x00000000e2500000, 0x00000000e2600000, 0x00000000e2600000|100%| O|  |TAMS 0x00000000e2600000, 0x00000000e2500000| Complete 
|  38|0x00000000e2600000, 0x00000000e2700000, 0x00000000e2700000|100%| O|  |TAMS 0x00000000e2700000, 0x00000000e2600000| Complete 
|  39|0x00000000e2700000, 0x00000000e2800000, 0x00000000e2800000|100%| O|  |TAMS 0x00000000e2800000, 0x00000000e2700000| Complete 
|  40|0x00000000e2800000, 0x00000000e2900000, 0x00000000e2900000|100%| O|  |TAMS 0x00000000e2900000, 0x00000000e2800000| Complete 
|  41|0x00000000e2900000, 0x00000000e2a00000, 0x00000000e2a00000|100%| O|  |TAMS 0x00000000e2a00000, 0x00000000e2900000| Complete 
|  42|0x00000000e2a00000, 0x00000000e2b00000, 0x00000000e2b00000|100%| O|  |TAMS 0x00000000e2b00000, 0x00000000e2a00000| Complete 
|  43|0x00000000e2b00000, 0x00000000e2c00000, 0x00000000e2c00000|100%| O|  |TAMS 0x00000000e2c00000, 0x00000000e2b00000| Complete 
|  44|0x00000000e2c00000, 0x00000000e2d00000, 0x00000000e2d00000|100%| O|  |TAMS 0x00000000e2d00000, 0x00000000e2c00000| Complete 
|  45|0x00000000e2d00000, 0x00000000e2d00000, 0x00000000e2e00000|  0%| F|  |TAMS 0x00000000e2d00000, 0x00000000e2d00000| Untracked 
|  46|0x00000000e2e00000, 0x00000000e2f00000, 0x00000000e2f00000|100%| O|  |TAMS 0x00000000e2f00000, 0x00000000e2e00000| Complete 
|  47|0x00000000e2f00000, 0x00000000e3000000, 0x00000000e3000000|100%| O|  |TAMS 0x00000000e3000000, 0x00000000e2f00000| Complete 
|  48|0x00000000e3000000, 0x00000000e3100000, 0x00000000e3100000|100%| O|  |TAMS 0x00000000e3100000, 0x00000000e3000000| Complete 
|  49|0x00000000e3100000, 0x00000000e3200000, 0x00000000e3200000|100%| O|  |TAMS 0x00000000e3200000, 0x00000000e3100000| Complete 
|  50|0x00000000e3200000, 0x00000000e3300000, 0x00000000e3300000|100%| O|  |TAMS 0x00000000e3300000, 0x00000000e3200000| Complete 
|  51|0x00000000e3300000, 0x00000000e33c5c00, 0x00000000e3400000| 77%| O|  |TAMS 0x00000000e33c5c00, 0x00000000e3300000| Untracked 
|  52|0x00000000e3400000, 0x00000000e3500000, 0x00000000e3500000|100%| O|  |TAMS 0x00000000e3500000, 0x00000000e3400000| Complete 
|  53|0x00000000e3500000, 0x00000000e3600000, 0x00000000e3600000|100%| O|  |TAMS 0x00000000e3600000, 0x00000000e3500000| Complete 
|  54|0x00000000e3600000, 0x00000000e3600000, 0x00000000e3700000|  0%| F|  |TAMS 0x00000000e3600000, 0x00000000e3600000| Untracked 
|  55|0x00000000e3700000, 0x00000000e3700000, 0x00000000e3800000|  0%| F|  |TAMS 0x00000000e3700000, 0x00000000e3700000| Untracked 
|  56|0x00000000e3800000, 0x00000000e3800000, 0x00000000e3900000|  0%| F|  |TAMS 0x00000000e3800000, 0x00000000e3800000| Untracked 
|  57|0x00000000e3900000, 0x00000000e3900000, 0x00000000e3a00000|  0%| F|  |TAMS 0x00000000e3900000, 0x00000000e3900000| Untracked 
|  58|0x00000000e3a00000, 0x00000000e3a00000, 0x00000000e3b00000|  0%| F|  |TAMS 0x00000000e3a00000, 0x00000000e3a00000| Untracked 
|  59|0x00000000e3b00000, 0x00000000e3b00000, 0x00000000e3c00000|  0%| F|  |TAMS 0x00000000e3b00000, 0x00000000e3b00000| Untracked 
|  60|0x00000000e3c00000, 0x00000000e3d00000, 0x00000000e3d00000|100%| O|  |TAMS 0x00000000e3d00000, 0x00000000e3c00000| Complete 
|  61|0x00000000e3d00000, 0x00000000e3e00000, 0x00000000e3e00000|100%| O|  |TAMS 0x00000000e3e00000, 0x00000000e3d00000| Complete 
|  62|0x00000000e3e00000, 0x00000000e3f00000, 0x00000000e3f00000|100%| O|  |TAMS 0x00000000e3f00000, 0x00000000e3e00000| Complete 
|  63|0x00000000e3f00000, 0x00000000e4000000, 0x00000000e4000000|100%| O|  |TAMS 0x00000000e4000000, 0x00000000e3f00000| Complete 
|  64|0x00000000e4000000, 0x00000000e4100000, 0x00000000e4100000|100%| O|  |TAMS 0x00000000e4100000, 0x00000000e4000000| Complete 
|  65|0x00000000e4100000, 0x00000000e4200000, 0x00000000e4200000|100%| O|  |TAMS 0x00000000e4200000, 0x00000000e4100000| Complete 
|  66|0x00000000e4200000, 0x00000000e4300000, 0x00000000e4300000|100%| O|  |TAMS 0x00000000e4300000, 0x00000000e4200000| Complete 
|  67|0x00000000e4300000, 0x00000000e4300000, 0x00000000e4400000|  0%| F|  |TAMS 0x00000000e4300000, 0x00000000e4300000| Untracked 
|  68|0x00000000e4400000, 0x00000000e4500000, 0x00000000e4500000|100%| O|  |TAMS 0x00000000e4500000, 0x00000000e4400000| Complete 
|  69|0x00000000e4500000, 0x00000000e4600000, 0x00000000e4600000|100%| O|  |TAMS 0x00000000e4600000, 0x00000000e4500000| Complete 
|  70|0x00000000e4600000, 0x00000000e4600000, 0x00000000e4700000|  0%| F|  |TAMS 0x00000000e4600000, 0x00000000e4600000| Untracked 
|  71|0x00000000e4700000, 0x00000000e4800000, 0x00000000e4800000|100%| O|  |TAMS 0x00000000e4800000, 0x00000000e4700000| Complete 
|  72|0x00000000e4800000, 0x00000000e4900000, 0x00000000e4900000|100%| O|  |TAMS 0x00000000e4900000, 0x00000000e4800000| Untracked 
|  73|0x00000000e4900000, 0x00000000e4900000, 0x00000000e4a00000|  0%| F|  |TAMS 0x00000000e4900000, 0x00000000e4900000| Untracked 
|  74|0x00000000e4a00000, 0x00000000e4a00000, 0x00000000e4b00000|  0%| F|  |TAMS 0x00000000e4a00000, 0x00000000e4a00000| Untracked 
|  75|0x00000000e4b00000, 0x00000000e4b00000, 0x00000000e4c00000|  0%| F|  |TAMS 0x00000000e4b00000, 0x00000000e4b00000| Untracked 
|  76|0x00000000e4c00000, 0x00000000e4d00000, 0x00000000e4d00000|100%| O|  |TAMS 0x00000000e4d00000, 0x00000000e4c00000| Complete 
|  77|0x00000000e4d00000, 0x00000000e4d00000, 0x00000000e4e00000|  0%| F|  |TAMS 0x00000000e4d00000, 0x00000000e4d00000| Untracked 
|  78|0x00000000e4e00000, 0x00000000e4e00000, 0x00000000e4f00000|  0%| F|  |TAMS 0x00000000e4e00000, 0x00000000e4e00000| Untracked 
|  79|0x00000000e4f00000, 0x00000000e4f00000, 0x00000000e5000000|  0%| F|  |TAMS 0x00000000e4f00000, 0x00000000e4f00000| Untracked 
|  80|0x00000000e5000000, 0x00000000e5000000, 0x00000000e5100000|  0%| F|  |TAMS 0x00000000e5000000, 0x00000000e5000000| Untracked 
|  81|0x00000000e5100000, 0x00000000e5100000, 0x00000000e5200000|  0%| F|  |TAMS 0x00000000e5100000, 0x00000000e5100000| Untracked 
|  82|0x00000000e5200000, 0x00000000e5200000, 0x00000000e5300000|  0%| F|  |TAMS 0x00000000e5200000, 0x00000000e5200000| Untracked 
|  83|0x00000000e5300000, 0x00000000e5300000, 0x00000000e5400000|  0%| F|  |TAMS 0x00000000e5300000, 0x00000000e5300000| Untracked 
|  84|0x00000000e5400000, 0x00000000e5400000, 0x00000000e5500000|  0%| F|  |TAMS 0x00000000e5400000, 0x00000000e5400000| Untracked 
|  85|0x00000000e5500000, 0x00000000e5500000, 0x00000000e5600000|  0%| F|  |TAMS 0x00000000e5500000, 0x00000000e5500000| Untracked 
|  86|0x00000000e5600000, 0x00000000e5600000, 0x00000000e5700000|  0%| F|  |TAMS 0x00000000e5600000, 0x00000000e5600000| Untracked 
|  87|0x00000000e5700000, 0x00000000e5800000, 0x00000000e5800000|100%| O|  |TAMS 0x00000000e5800000, 0x00000000e5700000| Complete 
|  88|0x00000000e5800000, 0x00000000e5900000, 0x00000000e5900000|100%| O|  |TAMS 0x00000000e5900000, 0x00000000e5800000| Complete 
|  89|0x00000000e5900000, 0x00000000e5900000, 0x00000000e5a00000|  0%| F|  |TAMS 0x00000000e5900000, 0x00000000e5900000| Untracked 
|  90|0x00000000e5a00000, 0x00000000e5b00000, 0x00000000e5b00000|100%| O|  |TAMS 0x00000000e5b00000, 0x00000000e5a00000| Complete 
|  91|0x00000000e5b00000, 0x00000000e5c00000, 0x00000000e5c00000|100%| O|  |TAMS 0x00000000e5c00000, 0x00000000e5b00000| Complete 
|  92|0x00000000e5c00000, 0x00000000e5c00000, 0x00000000e5d00000|  0%| F|  |TAMS 0x00000000e5c00000, 0x00000000e5c00000| Untracked 
|  93|0x00000000e5d00000, 0x00000000e5d00000, 0x00000000e5e00000|  0%| F|  |TAMS 0x00000000e5d00000, 0x00000000e5d00000| Untracked 
|  94|0x00000000e5e00000, 0x00000000e5e00000, 0x00000000e5f00000|  0%| F|  |TAMS 0x00000000e5e00000, 0x00000000e5e00000| Untracked 
|  95|0x00000000e5f00000, 0x00000000e6000000, 0x00000000e6000000|100%| O|  |TAMS 0x00000000e6000000, 0x00000000e5f00000| Complete 
|  96|0x00000000e6000000, 0x00000000e6100000, 0x00000000e6100000|100%| O|  |TAMS 0x00000000e6100000, 0x00000000e6000000| Complete 
|  97|0x00000000e6100000, 0x00000000e6200000, 0x00000000e6200000|100%| O|  |TAMS 0x00000000e6200000, 0x00000000e6100000| Complete 
|  98|0x00000000e6200000, 0x00000000e6300000, 0x00000000e6300000|100%| O|  |TAMS 0x00000000e6300000, 0x00000000e6200000| Complete 
|  99|0x00000000e6300000, 0x00000000e6400000, 0x00000000e6400000|100%| O|  |TAMS 0x00000000e6400000, 0x00000000e6300000| Complete 
| 100|0x00000000e6400000, 0x00000000e6400000, 0x00000000e6500000|  0%| F|  |TAMS 0x00000000e6400000, 0x00000000e6400000| Untracked 
| 101|0x00000000e6500000, 0x00000000e6600000, 0x00000000e6600000|100%| O|  |TAMS 0x00000000e6600000, 0x00000000e6500000| Complete 
| 102|0x00000000e6600000, 0x00000000e6700000, 0x00000000e6700000|100%| O|  |TAMS 0x00000000e6700000, 0x00000000e6600000| Complete 
| 103|0x00000000e6700000, 0x00000000e6800000, 0x00000000e6800000|100%| O|  |TAMS 0x00000000e6800000, 0x00000000e6700000| Complete 
| 104|0x00000000e6800000, 0x00000000e6900000, 0x00000000e6900000|100%| O|  |TAMS 0x00000000e6900000, 0x00000000e6800000| Complete 
| 105|0x00000000e6900000, 0x00000000e6a00000, 0x00000000e6a00000|100%| O|  |TAMS 0x00000000e6a00000, 0x00000000e6900000| Untracked 
| 106|0x00000000e6a00000, 0x00000000e6b00000, 0x00000000e6b00000|100%| O|  |TAMS 0x00000000e6b00000, 0x00000000e6a00000| Untracked 
| 107|0x00000000e6b00000, 0x00000000e6b00000, 0x00000000e6c00000|  0%| F|  |TAMS 0x00000000e6b00000, 0x00000000e6b00000| Untracked 
| 108|0x00000000e6c00000, 0x00000000e6c00000, 0x00000000e6d00000|  0%| F|  |TAMS 0x00000000e6c00000, 0x00000000e6c00000| Untracked 
| 109|0x00000000e6d00000, 0x00000000e6d00000, 0x00000000e6e00000|  0%| F|  |TAMS 0x00000000e6d00000, 0x00000000e6d00000| Untracked 
| 110|0x00000000e6e00000, 0x00000000e6e00000, 0x00000000e6f00000|  0%| F|  |TAMS 0x00000000e6e00000, 0x00000000e6e00000| Untracked 
| 111|0x00000000e6f00000, 0x00000000e6f00000, 0x00000000e7000000|  0%| F|  |TAMS 0x00000000e6f00000, 0x00000000e6f00000| Untracked 
| 112|0x00000000e7000000, 0x00000000e7000000, 0x00000000e7100000|  0%| F|  |TAMS 0x00000000e7000000, 0x00000000e7000000| Untracked 
| 113|0x00000000e7100000, 0x00000000e7200000, 0x00000000e7200000|100%| O|  |TAMS 0x00000000e7200000, 0x00000000e7100000| Complete 
| 114|0x00000000e7200000, 0x00000000e7300000, 0x00000000e7300000|100%| O|  |TAMS 0x00000000e7300000, 0x00000000e7200000| Complete 
| 115|0x00000000e7300000, 0x00000000e7300000, 0x00000000e7400000|  0%| F|  |TAMS 0x00000000e7300000, 0x00000000e7300000| Untracked 
| 116|0x00000000e7400000, 0x00000000e7400000, 0x00000000e7500000|  0%| F|  |TAMS 0x00000000e7400000, 0x00000000e7400000| Untracked 
| 117|0x00000000e7500000, 0x00000000e7500000, 0x00000000e7600000|  0%| F|  |TAMS 0x00000000e7500000, 0x00000000e7500000| Untracked 
| 118|0x00000000e7600000, 0x00000000e7700000, 0x00000000e7700000|100%| O|  |TAMS 0x00000000e7700000, 0x00000000e7600000| Complete 
| 119|0x00000000e7700000, 0x00000000e7800000, 0x00000000e7800000|100%| O|  |TAMS 0x00000000e7800000, 0x00000000e7700000| Complete 
| 120|0x00000000e7800000, 0x00000000e7900000, 0x00000000e7900000|100%| O|  |TAMS 0x00000000e7900000, 0x00000000e7800000| Complete 
| 121|0x00000000e7900000, 0x00000000e7a00000, 0x00000000e7a00000|100%| O|  |TAMS 0x00000000e7a00000, 0x00000000e7900000| Complete 
| 122|0x00000000e7a00000, 0x00000000e7b00000, 0x00000000e7b00000|100%| O|  |TAMS 0x00000000e7b00000, 0x00000000e7a00000| Complete 
| 123|0x00000000e7b00000, 0x00000000e7c00000, 0x00000000e7c00000|100%| O|  |TAMS 0x00000000e7c00000, 0x00000000e7b00000| Untracked 
| 124|0x00000000e7c00000, 0x00000000e7d00000, 0x00000000e7d00000|100%| O|  |TAMS 0x00000000e7d00000, 0x00000000e7c00000| Untracked 
| 125|0x00000000e7d00000, 0x00000000e7d00000, 0x00000000e7e00000|  0%| F|  |TAMS 0x00000000e7d00000, 0x00000000e7d00000| Untracked 
| 126|0x00000000e7e00000, 0x00000000e7e00000, 0x00000000e7f00000|  0%| F|  |TAMS 0x00000000e7e00000, 0x00000000e7e00000| Untracked 
| 127|0x00000000e7f00000, 0x00000000e7f00000, 0x00000000e8000000|  0%| F|  |TAMS 0x00000000e7f00000, 0x00000000e7f00000| Untracked 
| 128|0x00000000e8000000, 0x00000000e8000000, 0x00000000e8100000|  0%| F|  |TAMS 0x00000000e8000000, 0x00000000e8000000| Untracked 
| 129|0x00000000e8100000, 0x00000000e8100000, 0x00000000e8200000|  0%| F|  |TAMS 0x00000000e8100000, 0x00000000e8100000| Untracked 
| 130|0x00000000e8200000, 0x00000000e8200000, 0x00000000e8300000|  0%| F|  |TAMS 0x00000000e8200000, 0x00000000e8200000| Untracked 
| 131|0x00000000e8300000, 0x00000000e8300000, 0x00000000e8400000|  0%| F|  |TAMS 0x00000000e8300000, 0x00000000e8300000| Untracked 
| 132|0x00000000e8400000, 0x00000000e8400000, 0x00000000e8500000|  0%| F|  |TAMS 0x00000000e8400000, 0x00000000e8400000| Untracked 
| 133|0x00000000e8500000, 0x00000000e8500000, 0x00000000e8600000|  0%| F|  |TAMS 0x00000000e8500000, 0x00000000e8500000| Untracked 
| 134|0x00000000e8600000, 0x00000000e8600000, 0x00000000e8700000|  0%| F|  |TAMS 0x00000000e8600000, 0x00000000e8600000| Untracked 
| 135|0x00000000e8700000, 0x00000000e8700000, 0x00000000e8800000|  0%| F|  |TAMS 0x00000000e8700000, 0x00000000e8700000| Untracked 
| 136|0x00000000e8800000, 0x00000000e8800000, 0x00000000e8900000|  0%| F|  |TAMS 0x00000000e8800000, 0x00000000e8800000| Untracked 
| 137|0x00000000e8900000, 0x00000000e8900000, 0x00000000e8a00000|  0%| F|  |TAMS 0x00000000e8900000, 0x00000000e8900000| Untracked 
| 138|0x00000000e8a00000, 0x00000000e8a00000, 0x00000000e8b00000|  0%| F|  |TAMS 0x00000000e8a00000, 0x00000000e8a00000| Untracked 
| 139|0x00000000e8b00000, 0x00000000e8b00000, 0x00000000e8c00000|  0%| F|  |TAMS 0x00000000e8b00000, 0x00000000e8b00000| Untracked 
| 140|0x00000000e8c00000, 0x00000000e8c00000, 0x00000000e8d00000|  0%| F|  |TAMS 0x00000000e8c00000, 0x00000000e8c00000| Untracked 
| 141|0x00000000e8d00000, 0x00000000e8d00000, 0x00000000e8e00000|  0%| F|  |TAMS 0x00000000e8d00000, 0x00000000e8d00000| Untracked 
| 142|0x00000000e8e00000, 0x00000000e8e00000, 0x00000000e8f00000|  0%| F|  |TAMS 0x00000000e8e00000, 0x00000000e8e00000| Untracked 
| 143|0x00000000e8f00000, 0x00000000e8f00000, 0x00000000e9000000|  0%| F|  |TAMS 0x00000000e8f00000, 0x00000000e8f00000| Untracked 
| 144|0x00000000e9000000, 0x00000000e9000000, 0x00000000e9100000|  0%| F|  |TAMS 0x00000000e9000000, 0x00000000e9000000| Untracked 
| 145|0x00000000e9100000, 0x00000000e9117010, 0x00000000e9200000|  8%| S|CS|TAMS 0x00000000e9100000, 0x00000000e9100000| Complete 
| 146|0x00000000e9200000, 0x00000000e9300000, 0x00000000e9300000|100%| S|CS|TAMS 0x00000000e9200000, 0x00000000e9200000| Complete 
| 147|0x00000000e9300000, 0x00000000e9400000, 0x00000000e9400000|100%| S|CS|TAMS 0x00000000e9300000, 0x00000000e9300000| Complete 
| 148|0x00000000e9400000, 0x00000000e9500000, 0x00000000e9500000|100%| S|CS|TAMS 0x00000000e9400000, 0x00000000e9400000| Complete 
| 149|0x00000000e9500000, 0x00000000e9600000, 0x00000000e9600000|100%| S|CS|TAMS 0x00000000e9500000, 0x00000000e9500000| Complete 
| 150|0x00000000e9600000, 0x00000000e9700000, 0x00000000e9700000|100%| S|CS|TAMS 0x00000000e9600000, 0x00000000e9600000| Complete 
| 151|0x00000000e9700000, 0x00000000e9800000, 0x00000000e9800000|100%| S|CS|TAMS 0x00000000e9700000, 0x00000000e9700000| Complete 
| 152|0x00000000e9800000, 0x00000000e9900000, 0x00000000e9900000|100%| S|CS|TAMS 0x00000000e9800000, 0x00000000e9800000| Complete 
| 153|0x00000000e9900000, 0x00000000e9a00000, 0x00000000e9a00000|100%| S|CS|TAMS 0x00000000e9900000, 0x00000000e9900000| Complete 
| 154|0x00000000e9a00000, 0x00000000e9b00000, 0x00000000e9b00000|100%| S|CS|TAMS 0x00000000e9a00000, 0x00000000e9a00000| Complete 
| 155|0x00000000e9b00000, 0x00000000e9c00000, 0x00000000e9c00000|100%| S|CS|TAMS 0x00000000e9b00000, 0x00000000e9b00000| Complete 
| 156|0x00000000e9c00000, 0x00000000e9c00000, 0x00000000e9d00000|  0%| F|  |TAMS 0x00000000e9c00000, 0x00000000e9c00000| Untracked 
| 157|0x00000000e9d00000, 0x00000000e9d00000, 0x00000000e9e00000|  0%| F|  |TAMS 0x00000000e9d00000, 0x00000000e9d00000| Untracked 
| 158|0x00000000e9e00000, 0x00000000e9e00000, 0x00000000e9f00000|  0%| F|  |TAMS 0x00000000e9e00000, 0x00000000e9e00000| Untracked 
| 159|0x00000000e9f00000, 0x00000000e9f00000, 0x00000000ea000000|  0%| F|  |TAMS 0x00000000e9f00000, 0x00000000e9f00000| Untracked 
| 160|0x00000000ea000000, 0x00000000ea000000, 0x00000000ea100000|  0%| F|  |TAMS 0x00000000ea000000, 0x00000000ea000000| Untracked 
| 161|0x00000000ea100000, 0x00000000ea100000, 0x00000000ea200000|  0%| F|  |TAMS 0x00000000ea100000, 0x00000000ea100000| Untracked 
| 162|0x00000000ea200000, 0x00000000ea200000, 0x00000000ea300000|  0%| F|  |TAMS 0x00000000ea200000, 0x00000000ea200000| Untracked 
| 163|0x00000000ea300000, 0x00000000ea300000, 0x00000000ea400000|  0%| F|  |TAMS 0x00000000ea300000, 0x00000000ea300000| Untracked 
| 164|0x00000000ea400000, 0x00000000ea400000, 0x00000000ea500000|  0%| F|  |TAMS 0x00000000ea400000, 0x00000000ea400000| Untracked 
| 165|0x00000000ea500000, 0x00000000ea500000, 0x00000000ea600000|  0%| F|  |TAMS 0x00000000ea500000, 0x00000000ea500000| Untracked 
| 166|0x00000000ea600000, 0x00000000ea600000, 0x00000000ea700000|  0%| F|  |TAMS 0x00000000ea600000, 0x00000000ea600000| Untracked 
| 167|0x00000000ea700000, 0x00000000ea700000, 0x00000000ea800000|  0%| F|  |TAMS 0x00000000ea700000, 0x00000000ea700000| Untracked 
| 168|0x00000000ea800000, 0x00000000ea800000, 0x00000000ea900000|  0%| F|  |TAMS 0x00000000ea800000, 0x00000000ea800000| Untracked 
| 169|0x00000000ea900000, 0x00000000ea900000, 0x00000000eaa00000|  0%| F|  |TAMS 0x00000000ea900000, 0x00000000ea900000| Untracked 
| 170|0x00000000eaa00000, 0x00000000eaa00000, 0x00000000eab00000|  0%| F|  |TAMS 0x00000000eaa00000, 0x00000000eaa00000| Untracked 
| 171|0x00000000eab00000, 0x00000000eab00000, 0x00000000eac00000|  0%| F|  |TAMS 0x00000000eab00000, 0x00000000eab00000| Untracked 
| 172|0x00000000eac00000, 0x00000000eac00000, 0x00000000ead00000|  0%| F|  |TAMS 0x00000000eac00000, 0x00000000eac00000| Untracked 
| 173|0x00000000ead00000, 0x00000000ead00000, 0x00000000eae00000|  0%| F|  |TAMS 0x00000000ead00000, 0x00000000ead00000| Untracked 
| 174|0x00000000eae00000, 0x00000000eae00000, 0x00000000eaf00000|  0%| F|  |TAMS 0x00000000eae00000, 0x00000000eae00000| Untracked 
| 175|0x00000000eaf00000, 0x00000000eaf00000, 0x00000000eb000000|  0%| F|  |TAMS 0x00000000eaf00000, 0x00000000eaf00000| Untracked 
| 176|0x00000000eb000000, 0x00000000eb000000, 0x00000000eb100000|  0%| F|  |TAMS 0x00000000eb000000, 0x00000000eb000000| Untracked 
| 177|0x00000000eb100000, 0x00000000eb100000, 0x00000000eb200000|  0%| F|  |TAMS 0x00000000eb100000, 0x00000000eb100000| Untracked 
| 178|0x00000000eb200000, 0x00000000eb200000, 0x00000000eb300000|  0%| F|  |TAMS 0x00000000eb200000, 0x00000000eb200000| Untracked 
| 179|0x00000000eb300000, 0x00000000eb300000, 0x00000000eb400000|  0%| F|  |TAMS 0x00000000eb300000, 0x00000000eb300000| Untracked 
| 180|0x00000000eb400000, 0x00000000eb400000, 0x00000000eb500000|  0%| F|  |TAMS 0x00000000eb400000, 0x00000000eb400000| Untracked 
| 181|0x00000000eb500000, 0x00000000eb500000, 0x00000000eb600000|  0%| F|  |TAMS 0x00000000eb500000, 0x00000000eb500000| Untracked 
| 182|0x00000000eb600000, 0x00000000eb600000, 0x00000000eb700000|  0%| F|  |TAMS 0x00000000eb600000, 0x00000000eb600000| Untracked 
| 183|0x00000000eb700000, 0x00000000eb700000, 0x00000000eb800000|  0%| F|  |TAMS 0x00000000eb700000, 0x00000000eb700000| Untracked 
| 184|0x00000000eb800000, 0x00000000eb800000, 0x00000000eb900000|  0%| F|  |TAMS 0x00000000eb800000, 0x00000000eb800000| Untracked 
| 185|0x00000000eb900000, 0x00000000eb900000, 0x00000000eba00000|  0%| F|  |TAMS 0x00000000eb900000, 0x00000000eb900000| Untracked 
| 186|0x00000000eba00000, 0x00000000eba00000, 0x00000000ebb00000|  0%| F|  |TAMS 0x00000000eba00000, 0x00000000eba00000| Untracked 
| 187|0x00000000ebb00000, 0x00000000ebb00000, 0x00000000ebc00000|  0%| F|  |TAMS 0x00000000ebb00000, 0x00000000ebb00000| Untracked 
| 188|0x00000000ebc00000, 0x00000000ebc00000, 0x00000000ebd00000|  0%| F|  |TAMS 0x00000000ebc00000, 0x00000000ebc00000| Untracked 
| 189|0x00000000ebd00000, 0x00000000ebd00000, 0x00000000ebe00000|  0%| F|  |TAMS 0x00000000ebd00000, 0x00000000ebd00000| Untracked 
| 190|0x00000000ebe00000, 0x00000000ebe00000, 0x00000000ebf00000|  0%| F|  |TAMS 0x00000000ebe00000, 0x00000000ebe00000| Untracked 
| 191|0x00000000ebf00000, 0x00000000ebf00000, 0x00000000ec000000|  0%| F|  |TAMS 0x00000000ebf00000, 0x00000000ebf00000| Untracked 
| 192|0x00000000ec000000, 0x00000000ec000000, 0x00000000ec100000|  0%| F|  |TAMS 0x00000000ec000000, 0x00000000ec000000| Untracked 
| 193|0x00000000ec100000, 0x00000000ec100000, 0x00000000ec200000|  0%| F|  |TAMS 0x00000000ec100000, 0x00000000ec100000| Untracked 
| 194|0x00000000ec200000, 0x00000000ec200000, 0x00000000ec300000|  0%| F|  |TAMS 0x00000000ec200000, 0x00000000ec200000| Untracked 
| 195|0x00000000ec300000, 0x00000000ec300000, 0x00000000ec400000|  0%| F|  |TAMS 0x00000000ec300000, 0x00000000ec300000| Untracked 
| 196|0x00000000ec400000, 0x00000000ec400000, 0x00000000ec500000|  0%| F|  |TAMS 0x00000000ec400000, 0x00000000ec400000| Untracked 
| 197|0x00000000ec500000, 0x00000000ec500000, 0x00000000ec600000|  0%| F|  |TAMS 0x00000000ec500000, 0x00000000ec500000| Untracked 
| 198|0x00000000ec600000, 0x00000000ec600000, 0x00000000ec700000|  0%| F|  |TAMS 0x00000000ec600000, 0x00000000ec600000| Untracked 
| 199|0x00000000ec700000, 0x00000000ec700000, 0x00000000ec800000|  0%| F|  |TAMS 0x00000000ec700000, 0x00000000ec700000| Untracked 
| 200|0x00000000ec800000, 0x00000000ec800000, 0x00000000ec900000|  0%| F|  |TAMS 0x00000000ec800000, 0x00000000ec800000| Untracked 
| 201|0x00000000ec900000, 0x00000000ec900000, 0x00000000eca00000|  0%| F|  |TAMS 0x00000000ec900000, 0x00000000ec900000| Untracked 
| 202|0x00000000eca00000, 0x00000000eca00000, 0x00000000ecb00000|  0%| F|  |TAMS 0x00000000eca00000, 0x00000000eca00000| Untracked 
| 203|0x00000000ecb00000, 0x00000000ecb00000, 0x00000000ecc00000|  0%| F|  |TAMS 0x00000000ecb00000, 0x00000000ecb00000| Untracked 
| 204|0x00000000ecc00000, 0x00000000ecc00000, 0x00000000ecd00000|  0%| F|  |TAMS 0x00000000ecc00000, 0x00000000ecc00000| Untracked 
| 205|0x00000000ecd00000, 0x00000000ecd00000, 0x00000000ece00000|  0%| F|  |TAMS 0x00000000ecd00000, 0x00000000ecd00000| Untracked 
| 206|0x00000000ece00000, 0x00000000ece00000, 0x00000000ecf00000|  0%| F|  |TAMS 0x00000000ece00000, 0x00000000ece00000| Untracked 
| 207|0x00000000ecf00000, 0x00000000ecf00000, 0x00000000ed000000|  0%| F|  |TAMS 0x00000000ecf00000, 0x00000000ecf00000| Untracked 
| 208|0x00000000ed000000, 0x00000000ed000000, 0x00000000ed100000|  0%| F|  |TAMS 0x00000000ed000000, 0x00000000ed000000| Untracked 
| 209|0x00000000ed100000, 0x00000000ed100000, 0x00000000ed200000|  0%| F|  |TAMS 0x00000000ed100000, 0x00000000ed100000| Untracked 
| 210|0x00000000ed200000, 0x00000000ed200000, 0x00000000ed300000|  0%| F|  |TAMS 0x00000000ed200000, 0x00000000ed200000| Untracked 
| 211|0x00000000ed300000, 0x00000000ed300000, 0x00000000ed400000|  0%| F|  |TAMS 0x00000000ed300000, 0x00000000ed300000| Untracked 
| 212|0x00000000ed400000, 0x00000000ed400000, 0x00000000ed500000|  0%| F|  |TAMS 0x00000000ed400000, 0x00000000ed400000| Untracked 
| 213|0x00000000ed500000, 0x00000000ed500000, 0x00000000ed600000|  0%| F|  |TAMS 0x00000000ed500000, 0x00000000ed500000| Untracked 
| 214|0x00000000ed600000, 0x00000000ed600000, 0x00000000ed700000|  0%| F|  |TAMS 0x00000000ed600000, 0x00000000ed600000| Untracked 
| 215|0x00000000ed700000, 0x00000000ed700000, 0x00000000ed800000|  0%| F|  |TAMS 0x00000000ed700000, 0x00000000ed700000| Untracked 
| 216|0x00000000ed800000, 0x00000000ed8ea0a0, 0x00000000ed900000| 91%| E|  |TAMS 0x00000000ed800000, 0x00000000ed800000| Complete 
| 217|0x00000000ed900000, 0x00000000eda00000, 0x00000000eda00000|100%| E|CS|TAMS 0x00000000ed900000, 0x00000000ed900000| Complete 
| 218|0x00000000eda00000, 0x00000000edb00000, 0x00000000edb00000|100%| E|CS|TAMS 0x00000000eda00000, 0x00000000eda00000| Complete 
| 219|0x00000000edb00000, 0x00000000edc00000, 0x00000000edc00000|100%| E|CS|TAMS 0x00000000edb00000, 0x00000000edb00000| Complete 
| 220|0x00000000edc00000, 0x00000000edd00000, 0x00000000edd00000|100%| E|CS|TAMS 0x00000000edc00000, 0x00000000edc00000| Complete 
| 221|0x00000000edd00000, 0x00000000ede00000, 0x00000000ede00000|100%| E|CS|TAMS 0x00000000edd00000, 0x00000000edd00000| Complete 
| 222|0x00000000ede00000, 0x00000000edf00000, 0x00000000edf00000|100%| E|CS|TAMS 0x00000000ede00000, 0x00000000ede00000| Complete 
| 223|0x00000000edf00000, 0x00000000ee000000, 0x00000000ee000000|100%| E|CS|TAMS 0x00000000edf00000, 0x00000000edf00000| Complete 
| 224|0x00000000ee000000, 0x00000000ee100000, 0x00000000ee100000|100%| E|CS|TAMS 0x00000000ee000000, 0x00000000ee000000| Complete 
| 225|0x00000000ee100000, 0x00000000ee200000, 0x00000000ee200000|100%| E|CS|TAMS 0x00000000ee100000, 0x00000000ee100000| Complete 
| 226|0x00000000ee200000, 0x00000000ee300000, 0x00000000ee300000|100%| E|CS|TAMS 0x00000000ee200000, 0x00000000ee200000| Complete 
| 227|0x00000000ee300000, 0x00000000ee400000, 0x00000000ee400000|100%| E|CS|TAMS 0x00000000ee300000, 0x00000000ee300000| Complete 
| 228|0x00000000ee400000, 0x00000000ee500000, 0x00000000ee500000|100%| E|CS|TAMS 0x00000000ee400000, 0x00000000ee400000| Complete 
| 229|0x00000000ee500000, 0x00000000ee600000, 0x00000000ee600000|100%| E|CS|TAMS 0x00000000ee500000, 0x00000000ee500000| Complete 
| 230|0x00000000ee600000, 0x00000000ee700000, 0x00000000ee700000|100%| E|CS|TAMS 0x00000000ee600000, 0x00000000ee600000| Complete 
| 231|0x00000000ee700000, 0x00000000ee800000, 0x00000000ee800000|100%| E|CS|TAMS 0x00000000ee700000, 0x00000000ee700000| Complete 
| 232|0x00000000ee800000, 0x00000000ee900000, 0x00000000ee900000|100%| E|CS|TAMS 0x00000000ee800000, 0x00000000ee800000| Complete 
| 233|0x00000000ee900000, 0x00000000eea00000, 0x00000000eea00000|100%| E|CS|TAMS 0x00000000ee900000, 0x00000000ee900000| Complete 
| 234|0x00000000eea00000, 0x00000000eeb00000, 0x00000000eeb00000|100%| E|CS|TAMS 0x00000000eea00000, 0x00000000eea00000| Complete 
| 235|0x00000000eeb00000, 0x00000000eec00000, 0x00000000eec00000|100%| E|CS|TAMS 0x00000000eeb00000, 0x00000000eeb00000| Complete 
| 236|0x00000000eec00000, 0x00000000eed00000, 0x00000000eed00000|100%| E|CS|TAMS 0x00000000eec00000, 0x00000000eec00000| Complete 
| 237|0x00000000eed00000, 0x00000000eee00000, 0x00000000eee00000|100%| E|CS|TAMS 0x00000000eed00000, 0x00000000eed00000| Complete 
| 238|0x00000000eee00000, 0x00000000eef00000, 0x00000000eef00000|100%| E|CS|TAMS 0x00000000eee00000, 0x00000000eee00000| Complete 
| 239|0x00000000eef00000, 0x00000000ef000000, 0x00000000ef000000|100%| E|CS|TAMS 0x00000000eef00000, 0x00000000eef00000| Complete 
| 240|0x00000000ef000000, 0x00000000ef100000, 0x00000000ef100000|100%| E|CS|TAMS 0x00000000ef000000, 0x00000000ef000000| Complete 
| 241|0x00000000ef100000, 0x00000000ef200000, 0x00000000ef200000|100%| E|CS|TAMS 0x00000000ef100000, 0x00000000ef100000| Complete 
| 242|0x00000000ef200000, 0x00000000ef300000, 0x00000000ef300000|100%| E|CS|TAMS 0x00000000ef200000, 0x00000000ef200000| Complete 
| 243|0x00000000ef300000, 0x00000000ef400000, 0x00000000ef400000|100%| E|CS|TAMS 0x00000000ef300000, 0x00000000ef300000| Complete 
| 244|0x00000000ef400000, 0x00000000ef500000, 0x00000000ef500000|100%| E|CS|TAMS 0x00000000ef400000, 0x00000000ef400000| Complete 
| 245|0x00000000ef500000, 0x00000000ef600000, 0x00000000ef600000|100%| E|CS|TAMS 0x00000000ef500000, 0x00000000ef500000| Complete 
| 246|0x00000000ef600000, 0x00000000ef700000, 0x00000000ef700000|100%| E|CS|TAMS 0x00000000ef600000, 0x00000000ef600000| Complete 
| 247|0x00000000ef700000, 0x00000000ef800000, 0x00000000ef800000|100%| E|CS|TAMS 0x00000000ef700000, 0x00000000ef700000| Complete 
| 248|0x00000000ef800000, 0x00000000ef900000, 0x00000000ef900000|100%| E|CS|TAMS 0x00000000ef800000, 0x00000000ef800000| Complete 
| 249|0x00000000ef900000, 0x00000000efa00000, 0x00000000efa00000|100%| E|CS|TAMS 0x00000000ef900000, 0x00000000ef900000| Complete 
| 250|0x00000000efa00000, 0x00000000efb00000, 0x00000000efb00000|100%| E|CS|TAMS 0x00000000efa00000, 0x00000000efa00000| Complete 
| 251|0x00000000efb00000, 0x00000000efc00000, 0x00000000efc00000|100%| E|CS|TAMS 0x00000000efb00000, 0x00000000efb00000| Complete 
| 252|0x00000000efc00000, 0x00000000efd00000, 0x00000000efd00000|100%| E|CS|TAMS 0x00000000efc00000, 0x00000000efc00000| Complete 
| 253|0x00000000efd00000, 0x00000000efe00000, 0x00000000efe00000|100%| E|CS|TAMS 0x00000000efd00000, 0x00000000efd00000| Complete 
| 254|0x00000000efe00000, 0x00000000eff00000, 0x00000000eff00000|100%| E|CS|TAMS 0x00000000efe00000, 0x00000000efe00000| Complete 
| 255|0x00000000eff00000, 0x00000000f0000000, 0x00000000f0000000|100%| E|CS|TAMS 0x00000000eff00000, 0x00000000eff00000| Complete 

Card table byte_map: [0x0000019ffc1d0000,0x0000019ffc2d0000] _byte_map_base: 0x0000019ffbad0000

Marking Bits (Prev, Next): (CMBitMap*) 0x0000019ff28159c0, (CMBitMap*) 0x0000019ff2815988
 Prev Bits: [0x0000019ffcbd0000, 0x0000019ffd3d0000)
 Next Bits: [0x0000019ffc3d0000, 0x0000019ffcbd0000)

Polling page: 0x0000019ff26c0000

Metaspace:

Usage:
  Non-class:     80.00 MB capacity,    77.47 MB ( 97%) used,     2.08 MB (  3%) free+waste,   454.88 KB ( <1%) overhead. 
      Class:     12.52 MB capacity,    11.02 MB ( 88%) used,     1.30 MB ( 10%) free+waste,   208.69 KB (  2%) overhead. 
       Both:     92.52 MB capacity,    88.49 MB ( 96%) used,     3.37 MB (  4%) free+waste,   663.56 KB ( <1%) overhead. 

Virtual space:
  Non-class space:       86.00 MB reserved,      85.68 MB (>99%) committed 
      Class space:      376.00 MB reserved,      13.50 MB (  4%) committed 
             Both:      462.00 MB reserved,      99.18 MB ( 21%) committed 

Chunk freelists:
   Non-Class:  707.13 KB
       Class:  121.25 KB
        Both:  828.38 KB

CodeHeap 'non-profiled nmethods': size=120000Kb used=17420Kb max_used=17743Kb free=102579Kb
 bounds [0x0000019f87ad0000, 0x0000019f88c30000, 0x0000019f8f000000]
CodeHeap 'profiled nmethods': size=120000Kb used=36716Kb max_used=40733Kb free=83283Kb
 bounds [0x0000019f805a0000, 0x0000019f82d90000, 0x0000019f87ad0000]
CodeHeap 'non-nmethods': size=5760Kb used=2304Kb max_used=2396Kb free=3455Kb
 bounds [0x0000019f80000000, 0x0000019f80270000, 0x0000019f805a0000]
 total_blobs=18546 nmethods=17649 adapters=806
 compilation: enabled
              stopped_count=0, restarted_count=0
 full_count=0

Compilation events (10 events):
Event: 5572.133 Thread 0x0000019f8f880800 nmethod 21822 0x0000019f805d1c10 code [0x0000019f805d1de0, 0x0000019f805d2038]
Event: 5572.134 Thread 0x0000019f8f880800 21823       1       org.gradle.internal.scripts.ScriptingLanguages$1::getExtension (5 bytes)
Event: 5572.135 Thread 0x0000019f8f880800 nmethod 21823 0x0000019f87b20510 code [0x0000019f87b206a0, 0x0000019f87b20758]
Event: 5572.136 Thread 0x0000019f8f880800 21824       3       org.gradle.process.internal.DefaultExecActionFactory$BuilderImpl::withObjectFactory (7 bytes)
Event: 5572.136 Thread 0x0000019f8f880800 nmethod 21824 0x0000019f805cd390 code [0x0000019f805cd520, 0x0000019f805cd678]
Event: 5572.136 Thread 0x0000019f8f880800 21825       3       org.gradle.process.internal.DefaultExecActionFactory$BuilderImpl::withInstantiator (7 bytes)
Event: 5572.137 Thread 0x0000019f8f880800 nmethod 21825 0x0000019f805e3f90 code [0x0000019f805e4120, 0x0000019f805e4278]
Event: 5572.139 Thread 0x0000019f8f880800 21826       3       org.gradle.internal.model.StateTransitionController$InState::assertCanTransition (79 bytes)
Event: 5572.140 Thread 0x0000019f8f880800 nmethod 21826 0x0000019f80617f90 code [0x0000019f80618300, 0x0000019f80619668]
Event: 5572.147 Thread 0x0000019f8f87d800 21827       4       org.gradle.internal.service.ServiceRegistryBuilder::provider (13 bytes)

GC Heap History (10 events):
Event: 4676.885 GC heap before
{Heap before GC invocations=50 (full 0):
 garbage-first heap   total 262144K, used 205911K [0x00000000e0000000, 0x0000000100000000)
  region size 1024K, 84 young (86016K), 6 survivors (6144K)
 Metaspace       used 93708K, capacity 97963K, committed 101560K, reserved 473088K
  class space    used 11655K, capacity 13234K, committed 13824K, reserved 385024K
}
Event: 4676.891 GC heap after
{Heap after GC invocations=51 (full 0):
 garbage-first heap   total 262144K, used 123600K [0x00000000e0000000, 0x0000000100000000)
  region size 1024K, 3 young (3072K), 3 survivors (3072K)
 Metaspace       used 93708K, capacity 97963K, committed 101560K, reserved 473088K
  class space    used 11655K, capacity 13234K, committed 13824K, reserved 385024K
}
Event: 4872.882 GC heap before
{Heap before GC invocations=52 (full 0):
 garbage-first heap   total 262144K, used 200400K [0x00000000e0000000, 0x0000000100000000)
  region size 1024K, 86 young (88064K), 3 survivors (3072K)
 Metaspace       used 92134K, capacity 96311K, committed 101560K, reserved 473088K
  class space    used 11470K, capacity 13027K, committed 13824K, reserved 385024K
}
Event: 4872.888 GC heap after
{Heap after GC invocations=53 (full 0):
 garbage-first heap   total 262144K, used 123654K [0x00000000e0000000, 0x0000000100000000)
  region size 1024K, 10 young (10240K), 10 survivors (10240K)
 Metaspace       used 92134K, capacity 96311K, committed 101560K, reserved 473088K
  class space    used 11470K, capacity 13027K, committed 13824K, reserved 385024K
}
Event: 4872.893 GC heap before
{Heap before GC invocations=53 (full 0):
 garbage-first heap   total 262144K, used 125702K [0x00000000e0000000, 0x0000000100000000)
  region size 1024K, 12 young (12288K), 10 survivors (10240K)
 Metaspace       used 92134K, capacity 96311K, committed 101560K, reserved 473088K
  class space    used 11470K, capacity 13027K, committed 13824K, reserved 385024K
}
Event: 4872.901 GC heap after
{Heap after GC invocations=54 (full 0):
 garbage-first heap   total 262144K, used 102436K [0x00000000e0000000, 0x0000000100000000)
  region size 1024K, 2 young (2048K), 2 survivors (2048K)
 Metaspace       used 92134K, capacity 96311K, committed 101560K, reserved 473088K
  class space    used 11470K, capacity 13027K, committed 13824K, reserved 385024K
}
Event: 4872.938 GC heap before
{Heap before GC invocations=54 (full 0):
 garbage-first heap   total 262144K, used 112676K [0x00000000e0000000, 0x0000000100000000)
  region size 1024K, 12 young (12288K), 2 survivors (2048K)
 Metaspace       used 92134K, capacity 96311K, committed 101560K, reserved 473088K
  class space    used 11470K, capacity 13027K, committed 13824K, reserved 385024K
}
Event: 4872.946 GC heap after
{Heap after GC invocations=55 (full 0):
 garbage-first heap   total 262144K, used 99039K [0x00000000e0000000, 0x0000000100000000)
  region size 1024K, 2 young (2048K), 2 survivors (2048K)
 Metaspace       used 92134K, capacity 96311K, committed 101560K, reserved 473088K
  class space    used 11470K, capacity 13027K, committed 13824K, reserved 385024K
}
Event: 4891.628 GC heap before
{Heap before GC invocations=55 (full 0):
 garbage-first heap   total 262144K, used 198367K [0x00000000e0000000, 0x0000000100000000)
  region size 1024K, 100 young (102400K), 2 survivors (2048K)
 Metaspace       used 92178K, capacity 96378K, committed 101560K, reserved 473088K
  class space    used 11471K, capacity 13027K, committed 13824K, reserved 385024K
}
Event: 4891.636 GC heap after
{Heap after GC invocations=56 (full 0):
 garbage-first heap   total 262144K, used 107379K [0x00000000e0000000, 0x0000000100000000)
  region size 1024K, 11 young (11264K), 11 survivors (11264K)
 Metaspace       used 92178K, capacity 96378K, committed 101560K, reserved 473088K
  class space    used 11471K, capacity 13027K, committed 13824K, reserved 385024K
}

Deoptimization events (10 events):
Event: 4551.658 Thread 0x0000019f900be000 Uncommon trap: reason=bimorphic_or_optimized_type_check action=maybe_recompile pc=0x0000019f8814b8c8 method=java.io.ObjectOutputStream$BlockDataOutputStream.write([BIIZ)V @ 23 c2
Event: 4551.658 Thread 0x0000019f900be000 Uncommon trap: reason=class_check action=maybe_recompile pc=0x0000019f880d675c method=java.lang.String.equals(Ljava/lang/Object;)Z @ 8 c2
Event: 4551.660 Thread 0x0000019f900be000 Uncommon trap: reason=bimorphic_or_optimized_type_check action=maybe_recompile pc=0x0000019f8814b8c8 method=java.io.ObjectOutputStream$BlockDataOutputStream.write([BIIZ)V @ 23 c2
Event: 4551.672 Thread 0x0000019f900be000 Uncommon trap: reason=unstable_if action=reinterpret pc=0x0000019f87d19e04 method=java.lang.ref.SoftReference.get()Ljava/lang/Object; @ 6 c2
Event: 4551.674 Thread 0x0000019f900be000 Uncommon trap: reason=predicate action=maybe_recompile pc=0x0000019f88623cec method=java.util.concurrent.CopyOnWriteArrayList.indexOfRange(Ljava/lang/Object;[Ljava/lang/Object;II)I @ 38 c2
Event: 4551.694 Thread 0x0000019f900be000 Uncommon trap: reason=bimorphic_or_optimized_type_check action=maybe_recompile pc=0x0000019f885f09d8 method=com.google.common.cache.LocalCache$Segment.setValue(Lcom/google/common/cache/ReferenceEntry;Ljava/lang/Object;Ljava/lang/Object;J)V @ 51 c2
Event: 4612.893 Thread 0x0000019f91e3c000 Uncommon trap: reason=profile_predicate action=maybe_recompile pc=0x0000019f88afdeb4 method=org.gradle.api.internal.artifacts.result.DefaultResolvedComponentResult.eachElement(Lorg/gradle/api/artifacts/result/ResolvedComponentResult;Lorg/gradle/api/Action
Event: 4612.893 Thread 0x0000019f91e3c000 Uncommon trap: reason=profile_predicate action=maybe_recompile pc=0x0000019f88afdeb4 method=org.gradle.api.internal.artifacts.result.DefaultResolvedComponentResult.eachElement(Lorg/gradle/api/artifacts/result/ResolvedComponentResult;Lorg/gradle/api/Action
Event: 4612.893 Thread 0x0000019f91e3c000 Uncommon trap: reason=profile_predicate action=maybe_recompile pc=0x0000019f88afdeb4 method=org.gradle.api.internal.artifacts.result.DefaultResolvedComponentResult.eachElement(Lorg/gradle/api/artifacts/result/ResolvedComponentResult;Lorg/gradle/api/Action
Event: 4615.327 Thread 0x0000019f91e3c000 Uncommon trap: reason=unstable_if action=reinterpret pc=0x0000019f88b69374 method=lombok.javac.JavacNode.traverse(Llombok/javac/JavacASTVisitor;)V @ 417 c2

Classes redefined (0 events):
No events

Internal exceptions (10 events):
Event: 4872.557 Thread 0x0000019f91e3b000 Exception <a 'java/lang/NoClassDefFoundError'{0x00000000ef3da1c8}: org/jetbrains/kotlin/gradle/plugin/KotlinPluginWrapper> (0x00000000ef3da1c8) thrown at [./open/src/hotspot/share/oops/constantPool.cpp, line 770]
Event: 4891.169 Thread 0x0000019f91e3b000 Exception <a 'sun/nio/fs/WindowsException'{0x00000000ef0d61c0}> (0x00000000ef0d61c0) thrown at [./open/src/hotspot/share/prims/jni.cpp, line 611]
Event: 4891.169 Thread 0x0000019f91e3b000 Exception <a 'sun/nio/fs/WindowsException'{0x00000000ef0d7648}> (0x00000000ef0d7648) thrown at [./open/src/hotspot/share/prims/jni.cpp, line 611]
Event: 4891.169 Thread 0x0000019f91e3b000 Exception <a 'sun/nio/fs/WindowsException'{0x00000000ef0d8ad0}> (0x00000000ef0d8ad0) thrown at [./open/src/hotspot/share/prims/jni.cpp, line 611]
Event: 4891.170 Thread 0x0000019f91e3b000 Exception <a 'sun/nio/fs/WindowsException'{0x00000000ef0d9f48}> (0x00000000ef0d9f48) thrown at [./open/src/hotspot/share/prims/jni.cpp, line 611]
Event: 4891.215 Thread 0x0000019f91e3b000 Exception <a 'java/lang/NoClassDefFoundError'{0x00000000ee813548}: org/jetbrains/kotlin/gradle/plugin/KotlinPluginWrapper> (0x00000000ee813548) thrown at [./open/src/hotspot/share/oops/constantPool.cpp, line 770]
Event: 5572.133 Thread 0x0000019f91e3d800 Exception <a 'sun/nio/fs/WindowsException'{0x00000000edee2bf8}> (0x00000000edee2bf8) thrown at [./open/src/hotspot/share/prims/jni.cpp, line 611]
Event: 5572.134 Thread 0x0000019f91e3d800 Exception <a 'sun/nio/fs/WindowsException'{0x00000000edee4080}> (0x00000000edee4080) thrown at [./open/src/hotspot/share/prims/jni.cpp, line 611]
Event: 5572.134 Thread 0x0000019f91e3d800 Exception <a 'sun/nio/fs/WindowsException'{0x00000000edee5508}> (0x00000000edee5508) thrown at [./open/src/hotspot/share/prims/jni.cpp, line 611]
Event: 5572.134 Thread 0x0000019f91e3d800 Exception <a 'sun/nio/fs/WindowsException'{0x00000000edee6980}> (0x00000000edee6980) thrown at [./open/src/hotspot/share/prims/jni.cpp, line 611]

Events (10 events):
Event: 5572.074 Executing VM operation: RevokeBias
Event: 5572.074 Executing VM operation: RevokeBias done
Event: 5572.075 Thread 0x0000019f91e38000 Thread added: 0x0000019f91e38000
Event: 5572.076 Thread 0x0000019f91e3f000 Thread added: 0x0000019f91e3f000
Event: 5572.076 Thread 0x0000019f91e40000 Thread added: 0x0000019f91e40000
Event: 5572.083 Thread 0x0000019f91e3e800 Thread added: 0x0000019f91e3e800
Event: 5572.087 Thread 0x0000019f91e3c000 Thread added: 0x0000019f91e3c000
Event: 5572.110 Thread 0x0000019f91e3a000 Thread added: 0x0000019f91e3a000
Event: 5572.119 Thread 0x0000019f91e40800 Thread added: 0x0000019f91e40800
Event: 5572.123 Thread 0x0000019f91e3b000 Thread added: 0x0000019f91e3b000


Dynamic libraries:
0x00007ff79ea30000 - 0x00007ff79ea3f000 	C:\Java\jdk-11.0.15\bin\java.exe
0x00007ffe233f0000 - 0x00007ffe235e8000 	C:\Windows\SYSTEM32\ntdll.dll
0x00007ffe22220000 - 0x00007ffe222e1000 	C:\Windows\System32\KERNEL32.DLL
0x00007ffe20c00000 - 0x00007ffe20efd000 	C:\Windows\System32\KERNELBASE.dll
0x00007ffe20f90000 - 0x00007ffe21090000 	C:\Windows\System32\ucrtbase.dll
0x00007ffe03280000 - 0x00007ffe03298000 	C:\Java\jdk-11.0.15\bin\jli.dll
0x00007ffdf9d90000 - 0x00007ffdf9da5000 	C:\Java\jdk-11.0.15\bin\VCRUNTIME140.dll
0x00007ffe23300000 - 0x00007ffe233b0000 	C:\Windows\System32\ADVAPI32.dll
0x00007ffe22620000 - 0x00007ffe226be000 	C:\Windows\System32\msvcrt.dll
0x00007ffe22db0000 - 0x00007ffe22e50000 	C:\Windows\System32\sechost.dll
0x00007ffe23010000 - 0x00007ffe23133000 	C:\Windows\System32\RPCRT4.dll
0x00007ffe21090000 - 0x00007ffe210b7000 	C:\Windows\System32\bcrypt.dll
0x00007ffe22700000 - 0x00007ffe2289d000 	C:\Windows\System32\USER32.dll
0x00007ffe21110000 - 0x00007ffe21132000 	C:\Windows\System32\win32u.dll
0x00007ffe21540000 - 0x00007ffe2156b000 	C:\Windows\System32\GDI32.dll
0x00007ffe21250000 - 0x00007ffe21367000 	C:\Windows\System32\gdi32full.dll
0x00007ffe21140000 - 0x00007ffe211dd000 	C:\Windows\System32\msvcp_win.dll
0x00007ffe16280000 - 0x00007ffe1628a000 	C:\Windows\SYSTEM32\VERSION.dll
0x00007ffe10d70000 - 0x00007ffe1100a000 	C:\Windows\WinSxS\amd64_microsoft.windows.common-controls_6595b64144ccf1df_6.0.19041.4355_none_60b8b9eb71f62e16\COMCTL32.dll
0x00007ffe226d0000 - 0x00007ffe226ff000 	C:\Windows\System32\IMM32.DLL
0x00007ffde7480000 - 0x00007ffde751b000 	C:\Java\jdk-11.0.15\bin\msvcp140.dll
0x00007ffd8fa90000 - 0x00007ffd905a6000 	C:\Java\jdk-11.0.15\bin\server\jvm.dll
0x00007ffe222f0000 - 0x00007ffe222f8000 	C:\Windows\System32\PSAPI.DLL
0x00007ffe11250000 - 0x00007ffe11259000 	C:\Windows\SYSTEM32\WSOCK32.dll
0x00007ffe22f10000 - 0x00007ffe22f7b000 	C:\Windows\System32\WS2_32.dll
0x00007ffe1b760000 - 0x00007ffe1b787000 	C:\Windows\SYSTEM32\WINMM.dll
0x00007ffe1f2c0000 - 0x00007ffe1f2d2000 	C:\Windows\SYSTEM32\kernel.appcore.dll
0x00007ffe03270000 - 0x00007ffe03280000 	C:\Java\jdk-11.0.15\bin\verify.dll
0x00007ffe1e830000 - 0x00007ffe1ea14000 	C:\Windows\SYSTEM32\DBGHELP.DLL
0x00007ffe1b6e0000 - 0x00007ffe1b714000 	C:\Windows\SYSTEM32\dbgcore.DLL
0x00007ffe20f00000 - 0x00007ffe20f82000 	C:\Windows\System32\bcryptPrimitives.dll
0x00007ffdf66b0000 - 0x00007ffdf66d8000 	C:\Java\jdk-11.0.15\bin\java.dll
0x00007ffe03040000 - 0x00007ffe0304a000 	C:\Java\jdk-11.0.15\bin\jimage.dll
0x00007ffe01b40000 - 0x00007ffe01b4e000 	C:\Java\jdk-11.0.15\bin\instrument.dll
0x00007ffdf89e0000 - 0x00007ffdf89f6000 	C:\Java\jdk-11.0.15\bin\zip.dll
0x00007ffe219e0000 - 0x00007ffe2214f000 	C:\Windows\System32\SHELL32.dll
0x00007ffe1eb00000 - 0x00007ffe1f2a3000 	C:\Windows\SYSTEM32\windows.storage.dll
0x00007ffe22a50000 - 0x00007ffe22da3000 	C:\Windows\System32\combase.dll
0x00007ffe204d0000 - 0x00007ffe204fe000 	C:\Windows\SYSTEM32\Wldp.dll
0x00007ffe22150000 - 0x00007ffe2221d000 	C:\Windows\System32\OLEAUT32.dll
0x00007ffe22300000 - 0x00007ffe223ad000 	C:\Windows\System32\SHCORE.dll
0x00007ffe22eb0000 - 0x00007ffe22f05000 	C:\Windows\System32\shlwapi.dll
0x00007ffe209d0000 - 0x00007ffe209f4000 	C:\Windows\SYSTEM32\profapi.dll
0x00007ffdf5c40000 - 0x00007ffdf5c59000 	C:\Java\jdk-11.0.15\bin\net.dll
0x00007ffe1a600000 - 0x00007ffe1a70d000 	C:\Windows\SYSTEM32\WINHTTP.dll
0x00007ffe20230000 - 0x00007ffe2029a000 	C:\Windows\system32\mswsock.dll
0x00007ffdf5770000 - 0x00007ffdf5782000 	C:\Java\jdk-11.0.15\bin\nio.dll
0x00007ffe06790000 - 0x00007ffe067b7000 	C:\Users\USER\.gradle\native\c067742578af261105cb4f569cf0c3c89f3d7b1fecec35dd04571415982c5e48\windows-amd64\native-platform.dll
0x00007ffde69b0000 - 0x00007ffde6af4000 	C:\Users\USER\.gradle\native\100fb08df4bc3b14c8652ba06237920a3bd2aa13389f12d3474272988ae205f9\windows-amd64\native-platform-file-events.dll
0x00007ffe134b0000 - 0x00007ffe134b9000 	C:\Java\jdk-11.0.15\bin\management.dll
0x00007ffe134a0000 - 0x00007ffe134ab000 	C:\Java\jdk-11.0.15\bin\management_ext.dll
0x00007ffe20420000 - 0x00007ffe20438000 	C:\Windows\SYSTEM32\CRYPTSP.dll
0x00007ffe1fae0000 - 0x00007ffe1fb14000 	C:\Windows\system32\rsaenh.dll
0x00007ffe20950000 - 0x00007ffe2097e000 	C:\Windows\SYSTEM32\USERENV.dll
0x00007ffe20440000 - 0x00007ffe2044c000 	C:\Windows\SYSTEM32\CRYPTBASE.dll
0x00007ffe1fec0000 - 0x00007ffe1fefb000 	C:\Windows\SYSTEM32\IPHLPAPI.DLL
0x00007ffe232f0000 - 0x00007ffe232f8000 	C:\Windows\System32\NSI.dll
0x00007ffe17200000 - 0x00007ffe17217000 	C:\Windows\SYSTEM32\dhcpcsvc6.DLL
0x00007ffe193c0000 - 0x00007ffe193dd000 	C:\Windows\SYSTEM32\dhcpcsvc.DLL
0x00007ffe1ff10000 - 0x00007ffe1ffda000 	C:\Windows\SYSTEM32\DNSAPI.dll
0x00007ffe13430000 - 0x00007ffe13455000 	C:\Java\jdk-11.0.15\bin\sunec.dll
0x00007ffe18020000 - 0x00007ffe1802a000 	C:\Windows\System32\rasadhlp.dll
0x00007ffe15fe0000 - 0x00007ffe16060000 	C:\Windows\System32\fwpuclnt.dll
0x00007ffe171c0000 - 0x00007ffe171cd000 	C:\Java\jdk-11.0.15\bin\sunmscapi.dll
0x00007ffe20aa0000 - 0x00007ffe20bfc000 	C:\Windows\System32\CRYPT32.dll
0x00007ffe20540000 - 0x00007ffe20569000 	C:\Windows\SYSTEM32\ncrypt.dll
0x00007ffe20500000 - 0x00007ffe2053b000 	C:\Windows\SYSTEM32\NTASN1.dll

dbghelp: loaded successfully - version: 4.0.5 - missing functions: none
symbol engine: initialized successfully - sym options: 0x614 - pdb path: .;C:\Java\jdk-11.0.15\bin;C:\Windows\SYSTEM32;C:\Windows\WinSxS\amd64_microsoft.windows.common-controls_6595b64144ccf1df_6.0.19041.4355_none_60b8b9eb71f62e16;C:\Java\jdk-11.0.15\bin\server;C:\Users\USER\.gradle\native\c067742578af261105cb4f569cf0c3c89f3d7b1fecec35dd04571415982c5e48\windows-amd64;C:\Users\USER\.gradle\native\100fb08df4bc3b14c8652ba06237920a3bd2aa13389f12d3474272988ae205f9\windows-amd64

VM Arguments:
jvm_args: --add-opens=java.base/java.util=ALL-UNNAMED --add-opens=java.base/java.lang=ALL-UNNAMED --add-opens=java.base/java.lang.invoke=ALL-UNNAMED --add-opens=java.prefs/java.util.prefs=ALL-UNNAMED --add-exports=jdk.compiler/com.sun.tools.javac.api=ALL-UNNAMED --add-exports=jdk.compiler/com.sun.tools.javac.util=ALL-UNNAMED --add-opens=java.base/java.nio.charset=ALL-UNNAMED --add-opens=java.base/java.net=ALL-UNNAMED --add-opens=java.base/java.util.concurrent.atomic=ALL-UNNAMED -XX:MaxMetaspaceSize=384m -XX:+HeapDumpOnOutOfMemoryError -Xms256m -Xmx512m -Dfile.encoding=x-windows-949 -Duser.country=KR -Duser.language=ko -Duser.variant -javaagent:C:\Users\USER\.gradle\wrapper\dists\gradle-8.10.1-bin\e90i968nv55tch01zkse4avv3\gradle-8.10.1\lib\agents\gradle-instrumentation-agent-8.10.1.jar 
java_command: org.gradle.launcher.daemon.bootstrap.GradleDaemon 8.10.1
java_class_path (initial): C:\Users\USER\.gradle\wrapper\dists\gradle-8.10.1-bin\e90i968nv55tch01zkse4avv3\gradle-8.10.1\lib\gradle-daemon-main-8.10.1.jar
Launcher Type: SUN_STANDARD

[Global flags]
     intx CICompilerCount                          = 4                                         {product} {ergonomic}
   size_t CompressedClassSpaceSize                 = 394264576                                 {product} {ergonomic}
     uint ConcGCThreads                            = 2                                         {product} {ergonomic}
     uint G1ConcRefinementThreads                  = 8                                         {product} {ergonomic}
   size_t G1HeapRegionSize                         = 1048576                                   {product} {ergonomic}
    uintx GCDrainStackTargetSize                   = 64                                        {product} {ergonomic}
     bool HeapDumpOnOutOfMemoryError               = true                                   {manageable} {command line}
   size_t InitialHeapSize                          = 268435456                                 {product} {command line}
   size_t MarkStackSize                            = 4194304                                   {product} {ergonomic}
   size_t MaxHeapSize                              = 536870912                                 {product} {command line}
   size_t MaxMetaspaceSize                         = 402653184                                 {product} {command line}
   size_t MaxNewSize                               = 321912832                                 {product} {ergonomic}
   size_t MinHeapDeltaBytes                        = 1048576                                   {product} {ergonomic}
    uintx NonNMethodCodeHeapSize                   = 5836300                                {pd product} {ergonomic}
    uintx NonProfiledCodeHeapSize                  = 122910970                              {pd product} {ergonomic}
    uintx ProfiledCodeHeapSize                     = 122910970                              {pd product} {ergonomic}
    uintx ReservedCodeCacheSize                    = 251658240                              {pd product} {ergonomic}
     bool SegmentedCodeCache                       = true                                      {product} {ergonomic}
     bool UseCompressedClassPointers               = true                                 {lp64_product} {ergonomic}
     bool UseCompressedOops                        = true                                 {lp64_product} {ergonomic}
     bool UseG1GC                                  = true                                      {product} {ergonomic}
     bool UseLargePagesIndividualAllocation        = false                                  {pd product} {ergonomic}

Logging:
Log output configuration:
 #0: stdout all=warning uptime,level,tags
 #1: stderr all=off uptime,level,tags

Environment Variables:
JAVA_HOME=C:\Java\jdk-11.0.15
PATH=C:\WINDOWS\system32;C:\oraclexe\app\oracle\product\11.2.0\server\bin;C:\Java\jdk-11.0.15\bin;C:\nodejs;C:\Program Files\Common Files\Oracle\Java\javapath;C:\Program Files\Bandizip\;C:\Program Files\dotnet\;C:\Program Files\Zulu\zulu-8\bin\;C:\Git\cmd;C:\Program Files\MySQL\MySQL Server 8.0\bin;C:\PuTTY\;C:\Redis\;C:\Windows\System32\WindowsPowerShell\v1.0;C:\Program Files\MySQL\MySQL Shell 8.0\bin\;C:\Users\USER\AppData\Local\Microsoft\WindowsApps;C:\Users\USER\.dotnet\tools;C:\Users\USER\AppData\Local\afreeca;C:\study_flutter\resource\flutter\bin;
USERNAME=USER
OS=Windows_NT
PROCESSOR_IDENTIFIER=Intel64 Family 6 Model 140 Stepping 1, GenuineIntel



---------------  S Y S T E M  ---------------

OS: Windows 10 , 64 bit Build 19041 (10.0.19041.4842)

CPU:total 8 (initial active 8) (4 cores per cpu, 2 threads per core) family 6 model 140 stepping 1 microcode 0x8a, cmov, cx8, fxsr, mmx, sse, sse2, sse3, ssse3, sse4.1, sse4.2, popcnt, avx, avx2, aes, clmul, erms, 3dnowpref, lzcnt, ht, tsc, tscinvbit, bmi1, bmi2, adx, evex, sha, fma

Memory: 4k page, system-wide physical 16108M (2143M free)
TotalPageFile size 65260M (AvailPageFile size 0M)
current process WorkingSet (physical memory assigned to process): 469M, peak: 549M
current process commit charge ("private bytes"): 572M, peak: 628M

vm_info: Java HotSpot(TM) 64-Bit Server VM (11.0.15+8-LTS-149) for windows-amd64 JRE (11.0.15+8-LTS-149), built on Mar  9 2022 22:42:32 by "mach5one" with MS VC++ 15.9 (VS2017)

END.
