#
# There is insufficient memory for the Java Runtime Environment to continue.
# Native memory allocation (malloc) failed to allocate 1368336 bytes for Chunk::new
# Possible reasons:
#   The system is out of physical RAM or swap space
#   The process is running with CompressedOops enabled, and the Java Heap may be blocking the growth of the native heap
# Possible solutions:
#   Reduce memory load on the system
#   Increase physical memory or swap space
#   Check if swap backing store is full
#   Decrease Java heap size (-Xmx/-Xms)
#   Decrease number of Java threads
#   Decrease Java thread stack sizes (-Xss)
#   Set larger code cache with -XX:ReservedCodeCacheSize=
#   JVM is running with Unscaled Compressed Oops mode in which the Java heap is
#     placed in the first 4GB address space. The Java Heap base address is the
#     maximum limit for the native heap growth. Please use -XX:HeapBaseMinAddress
#     to set the Java Heap base and to place the Java Heap above 4GB virtual address.
# This output file may be truncated or incomplete.
#
#  Out of Memory Error (./open/src/hotspot/share/memory/arena.cpp:197), pid=20892, tid=31468
#
# JRE version: Java(TM) SE Runtime Environment 18.9 (11.0.15+8) (build 11.0.15+8-LTS-149)
# Java VM: Java HotSpot(TM) 64-Bit Server VM 18.9 (11.0.15+8-LTS-149, mixed mode, tiered, compressed oops, g1 gc, windows-amd64)
# No core dump will be written. Minidumps are not enabled by default on client versions of Windows
#

---------------  S U M M A R Y ------------

Command Line: --add-opens=java.base/java.util=ALL-UNNAMED --add-opens=java.base/java.lang=ALL-UNNAMED --add-opens=java.base/java.lang.invoke=ALL-UNNAMED --add-opens=java.prefs/java.util.prefs=ALL-UNNAMED --add-exports=jdk.compiler/com.sun.tools.javac.api=ALL-UNNAMED --add-exports=jdk.compiler/com.sun.tools.javac.util=ALL-UNNAMED --add-opens=java.base/java.nio.charset=ALL-UNNAMED --add-opens=java.base/java.net=ALL-UNNAMED --add-opens=java.base/java.util.concurrent.atomic=ALL-UNNAMED -XX:MaxMetaspaceSize=384m -XX:+HeapDumpOnOutOfMemoryError -Xms256m -Xmx512m -Dfile.encoding=x-windows-949 -Duser.country=KR -Duser.language=ko -Duser.variant -javaagent:C:\Users\USER\.gradle\wrapper\dists\gradle-8.10.1-bin\e90i968nv55tch01zkse4avv3\gradle-8.10.1\lib\agents\gradle-instrumentation-agent-8.10.1.jar org.gradle.launcher.daemon.bootstrap.GradleDaemon 8.10.1

Host: 11th Gen Intel(R) Core(TM) i7-1165G7 @ 2.80GHz, 8 cores, 15G,  Windows 10 , 64 bit Build 19041 (10.0.19041.4842)
Time: Sun Sep 22 18:42:33 2024 대한민국 표준시 elapsed time: 3.228001 seconds (0d 0h 0m 3s)

---------------  T H R E A D  ---------------

Current thread (0x0000027b003e5800):  JavaThread "C2 CompilerThread2" daemon [_thread_in_native, id=31468, stack(0x000000c5c5d00000,0x000000c5c5e00000)]


Current CompileTask:
C2:   3228 2444   !   4       java.net.URL::<init> (543 bytes)

Stack: [0x000000c5c5d00000,0x000000c5c5e00000]
Native frames: (J=compiled Java code, j=interpreted, Vv=VM code, C=native code)
V  [jvm.dll+0x629d8a]
V  [jvm.dll+0x7638ff]
V  [jvm.dll+0x764fa9]
V  [jvm.dll+0x765633]
V  [jvm.dll+0x23d9c8]
V  [jvm.dll+0xb2a1c]
V  [jvm.dll+0xb2fdc]
V  [jvm.dll+0x341047]
V  [jvm.dll+0x30e9b3]
V  [jvm.dll+0x30dcfa]
V  [jvm.dll+0x1f8565]
V  [jvm.dll+0x1f774d]
V  [jvm.dll+0x177c51]
V  [jvm.dll+0x207026]
V  [jvm.dll+0x2051bb]
V  [jvm.dll+0x729820]
V  [jvm.dll+0x7223f4]
V  [jvm.dll+0x628c26]
C  [ucrtbase.dll+0x21bb2]
C  [KERNEL32.DLL+0x17374]
C  [ntdll.dll+0x4cc91]


---------------  P R O C E S S  ---------------

Threads class SMR info:
_java_thread_list=0x0000027b7d854ea0, length=27, elements={
0x0000027b5fba6000, 0x0000027b7a2ce800, 0x0000027b7a2fb000, 0x0000027b7ab6a000,
0x0000027b7ab6b800, 0x0000027b7ab6f800, 0x0000027b7ab87000, 0x0000027b7aba8800,
0x0000027b7a30a000, 0x0000027b7ac77000, 0x0000027b7c444000, 0x0000027b7ac79000,
0x0000027b7cbff800, 0x0000027b7c683000, 0x0000027b7c684000, 0x0000027b7d227000,
0x0000027b7d3fa000, 0x0000027b7be2e800, 0x0000027b7d64e800, 0x0000027b7bc10000,
0x0000027b7d9da800, 0x0000027b7bc0d800, 0x0000027b7bc0e800, 0x0000027b7bc0f800,
0x0000027b003e5800, 0x0000027b0190c000, 0x0000027b0190e800
}

Java Threads: ( => current thread )
  0x0000027b5fba6000 JavaThread "main" [_thread_blocked, id=28208, stack(0x000000c5c3600000,0x000000c5c3700000)]
  0x0000027b7a2ce800 JavaThread "Reference Handler" daemon [_thread_blocked, id=8936, stack(0x000000c5c3d00000,0x000000c5c3e00000)]
  0x0000027b7a2fb000 JavaThread "Finalizer" daemon [_thread_blocked, id=29300, stack(0x000000c5c3e00000,0x000000c5c3f00000)]
  0x0000027b7ab6a000 JavaThread "Signal Dispatcher" daemon [_thread_blocked, id=16952, stack(0x000000c5c3f00000,0x000000c5c4000000)]
  0x0000027b7ab6b800 JavaThread "Attach Listener" daemon [_thread_blocked, id=17312, stack(0x000000c5c4000000,0x000000c5c4100000)]
  0x0000027b7ab6f800 JavaThread "Service Thread" daemon [_thread_blocked, id=24036, stack(0x000000c5c4100000,0x000000c5c4200000)]
  0x0000027b7ab87000 JavaThread "C2 CompilerThread0" daemon [_thread_in_native, id=7408, stack(0x000000c5c4200000,0x000000c5c4300000)]
  0x0000027b7aba8800 JavaThread "C1 CompilerThread0" daemon [_thread_blocked, id=35432, stack(0x000000c5c4300000,0x000000c5c4400000)]
  0x0000027b7a30a000 JavaThread "Sweeper thread" daemon [_thread_blocked, id=13696, stack(0x000000c5c4400000,0x000000c5c4500000)]
  0x0000027b7ac77000 JavaThread "Common-Cleaner" daemon [_thread_blocked, id=31676, stack(0x000000c5c4500000,0x000000c5c4600000)]
  0x0000027b7c444000 JavaThread "Daemon health stats" [_thread_blocked, id=35608, stack(0x000000c5c4e00000,0x000000c5c4f00000)]
  0x0000027b7ac79000 JavaThread "Incoming local TCP Connector on port 57212" [_thread_in_native, id=15128, stack(0x000000c5c4600000,0x000000c5c4700000)]
  0x0000027b7cbff800 JavaThread "Daemon periodic checks" [_thread_blocked, id=29464, stack(0x000000c5c4800000,0x000000c5c4900000)]
  0x0000027b7c683000 JavaThread "Daemon" [_thread_blocked, id=31840, stack(0x000000c5c4f00000,0x000000c5c5000000)]
  0x0000027b7c684000 JavaThread "Handler for socket connection from /127.0.0.1:57212 to /127.0.0.1:57213" [_thread_in_native, id=30460, stack(0x000000c5c5000000,0x000000c5c5100000)]
  0x0000027b7d227000 JavaThread "Cancel handler" [_thread_blocked, id=14788, stack(0x000000c5c5100000,0x000000c5c5200000)]
  0x0000027b7d3fa000 JavaThread "Daemon worker" [_thread_in_vm, id=24452, stack(0x000000c5c5200000,0x000000c5c5300000)]
  0x0000027b7be2e800 JavaThread "Asynchronous log dispatcher for DefaultDaemonConnection: socket connection from /127.0.0.1:57212 to /127.0.0.1:57213" [_thread_blocked, id=18956, stack(0x000000c5c5300000,0x000000c5c5400000)]
  0x0000027b7d64e800 JavaThread "Stdin handler" [_thread_blocked, id=36612, stack(0x000000c5c5400000,0x000000c5c5500000)]
  0x0000027b7bc10000 JavaThread "Daemon client event forwarder" [_thread_blocked, id=33284, stack(0x000000c5c5500000,0x000000c5c5600000)]
  0x0000027b7d9da800 JavaThread "C2 CompilerThread1" daemon [_thread_in_native, id=32220, stack(0x000000c5c5800000,0x000000c5c5900000)]
  0x0000027b7bc0d800 JavaThread "Cache worker for journal cache (C:\Users\USER\.gradle\caches\journal-1)" [_thread_blocked, id=33228, stack(0x000000c5c5a00000,0x000000c5c5b00000)]
  0x0000027b7bc0e800 JavaThread "File lock request listener" [_thread_in_native, id=28164, stack(0x000000c5c5b00000,0x000000c5c5c00000)]
  0x0000027b7bc0f800 JavaThread "Cache worker for file hash cache (C:\Users\USER\.gradle\caches\8.10.1\fileHashes)" [_thread_blocked, id=25240, stack(0x000000c5c5c00000,0x000000c5c5d00000)]
=>0x0000027b003e5800 JavaThread "C2 CompilerThread2" daemon [_thread_in_native, id=31468, stack(0x000000c5c5d00000,0x000000c5c5e00000)]
  0x0000027b0190c000 JavaThread "Cache worker for file hash cache (C:\spring-JungDream\workspace-alone\jung-dream-web\.gradle\8.10.1\fileHashes)" [_thread_blocked, id=17536, stack(0x000000c5c5e00000,0x000000c5c5f00000)]
  0x0000027b0190e800 JavaThread "Cache worker for Build Output Cleanup Cache (C:\spring-JungDream\workspace-alone\jung-dream-web\.gradle\buildOutputCleanup)" [_thread_blocked, id=12548, stack(0x000000c5c5f00000,0x000000c5c6000000)]

Other Threads:
  0x0000027b7a2cc800 VMThread "VM Thread" [stack: 0x000000c5c3c00000,0x000000c5c3d00000] [id=29940]
  0x0000027b7af82800 WatcherThread [stack: 0x000000c5c4700000,0x000000c5c4800000] [id=32992]
  0x0000027b5fbbb000 GCTaskThread "GC Thread#0" [stack: 0x000000c5c3700000,0x000000c5c3800000] [id=12908]
  0x0000027b7b091800 GCTaskThread "GC Thread#1" [stack: 0x000000c5c4900000,0x000000c5c4a00000] [id=23804]
  0x0000027b7b3ff800 GCTaskThread "GC Thread#2" [stack: 0x000000c5c4a00000,0x000000c5c4b00000] [id=26832]
  0x0000027b7b53a800 GCTaskThread "GC Thread#3" [stack: 0x000000c5c4b00000,0x000000c5c4c00000] [id=30968]
  0x0000027b7b53b800 GCTaskThread "GC Thread#4" [stack: 0x000000c5c4c00000,0x000000c5c4d00000] [id=22368]
  0x0000027b7b4d5000 GCTaskThread "GC Thread#5" [stack: 0x000000c5c4d00000,0x000000c5c4e00000] [id=22840]
  0x0000027b7d631800 GCTaskThread "GC Thread#6" [stack: 0x000000c5c5600000,0x000000c5c5700000] [id=29860]
  0x0000027b7d652000 GCTaskThread "GC Thread#7" [stack: 0x000000c5c5700000,0x000000c5c5800000] [id=15788]
  0x0000027b5fbcf800 ConcurrentGCThread "G1 Main Marker" [stack: 0x000000c5c3800000,0x000000c5c3900000] [id=19260]
  0x0000027b5fbd0800 ConcurrentGCThread "G1 Conc#0" [stack: 0x000000c5c3900000,0x000000c5c3a00000] [id=4092]
  0x0000027b7d6ec000 ConcurrentGCThread "G1 Conc#1" [stack: 0x000000c5c5900000,0x000000c5c5a00000] [id=19684]
  0x0000027b5fc7e800 ConcurrentGCThread "G1 Refine#0" [stack: 0x000000c5c3a00000,0x000000c5c3b00000] [id=13240]
  0x0000027b7a15d000 ConcurrentGCThread "G1 Young RemSet Sampling" [stack: 0x000000c5c3b00000,0x000000c5c3c00000] [id=32964]

Threads with active compile tasks:
C2 CompilerThread0   3251 2688   !   4       java.util.concurrent.ConcurrentHashMap::putVal (432 bytes)
C2 CompilerThread1   3251 2689       4       java.lang.Class::annotationData (44 bytes)
C2 CompilerThread2   3251 2444   !   4       java.net.URL::<init> (543 bytes)

VM state:not at safepoint (normal execution)

VM Mutex/Monitor currently owned by a thread: None

Heap address: 0x00000000e0000000, size: 512 MB, Compressed Oops mode: 32-bit
Narrow klass base: 0x0000000000000000, Narrow klass shift: 3
Compressed class space size: 394264576 Address: 0x0000000100000000

Heap:
 garbage-first heap   total 262144K, used 70291K [0x00000000e0000000, 0x0000000100000000)
  region size 1024K, 51 young (52224K), 4 survivors (4096K)
 Metaspace       used 29537K, capacity 30388K, committed 30512K, reserved 411648K
  class space    used 3899K, capacity 4209K, committed 4224K, reserved 385024K
Heap Regions: E=young(eden), S=young(survivor), O=old, HS=humongous(starts), HC=humongous(continues), CS=collection set, F=free, A=archive, TAMS=top-at-mark-start (previous, next)
|   0|0x00000000e0000000, 0x00000000e0100000, 0x00000000e0100000|100%| O|  |TAMS 0x00000000e0100000, 0x00000000e0000000| Untracked 
|   1|0x00000000e0100000, 0x00000000e0200000, 0x00000000e0200000|100%| O|  |TAMS 0x00000000e0200000, 0x00000000e0100000| Untracked 
|   2|0x00000000e0200000, 0x00000000e0300000, 0x00000000e0300000|100%|HS|  |TAMS 0x00000000e0300000, 0x00000000e0200000| Complete 
|   3|0x00000000e0300000, 0x00000000e0400000, 0x00000000e0400000|100%|HC|  |TAMS 0x00000000e0400000, 0x00000000e0300000| Complete 
|   4|0x00000000e0400000, 0x00000000e0500000, 0x00000000e0500000|100%|HC|  |TAMS 0x00000000e0500000, 0x00000000e0400000| Complete 
|   5|0x00000000e0500000, 0x00000000e0600000, 0x00000000e0600000|100%|HC|  |TAMS 0x00000000e0600000, 0x00000000e0500000| Complete 
|   6|0x00000000e0600000, 0x00000000e0700000, 0x00000000e0700000|100%|HS|  |TAMS 0x00000000e0700000, 0x00000000e0600000| Complete 
|   7|0x00000000e0700000, 0x00000000e0800000, 0x00000000e0800000|100%| O|  |TAMS 0x00000000e0800000, 0x00000000e0700000| Untracked 
|   8|0x00000000e0800000, 0x00000000e0900000, 0x00000000e0900000|100%| O|  |TAMS 0x00000000e0900000, 0x00000000e0800000| Untracked 
|   9|0x00000000e0900000, 0x00000000e0a00000, 0x00000000e0a00000|100%| O|  |TAMS 0x00000000e0a00000, 0x00000000e0900000| Untracked 
|  10|0x00000000e0a00000, 0x00000000e0b00000, 0x00000000e0b00000|100%| O|  |TAMS 0x00000000e0a00000, 0x00000000e0a00000| Untracked 
|  11|0x00000000e0b00000, 0x00000000e0c00000, 0x00000000e0c00000|100%| O|  |TAMS 0x00000000e0b00000, 0x00000000e0b00000| Untracked 
|  12|0x00000000e0c00000, 0x00000000e0d00000, 0x00000000e0d00000|100%| O|  |TAMS 0x00000000e0c00000, 0x00000000e0c00000| Untracked 
|  13|0x00000000e0d00000, 0x00000000e0e00000, 0x00000000e0e00000|100%| O|  |TAMS 0x00000000e0d00000, 0x00000000e0d00000| Untracked 
|  14|0x00000000e0e00000, 0x00000000e0f00000, 0x00000000e0f00000|100%| O|  |TAMS 0x00000000e0e00000, 0x00000000e0e00000| Untracked 
|  15|0x00000000e0f00000, 0x00000000e1000000, 0x00000000e1000000|100%| O|  |TAMS 0x00000000e0f00000, 0x00000000e0f00000| Untracked 
|  16|0x00000000e1000000, 0x00000000e1100000, 0x00000000e1100000|100%| O|  |TAMS 0x00000000e1000000, 0x00000000e1000000| Untracked 
|  17|0x00000000e1100000, 0x00000000e1200000, 0x00000000e1200000|100%| O|  |TAMS 0x00000000e1100000, 0x00000000e1100000| Untracked 
|  18|0x00000000e1200000, 0x00000000e1300000, 0x00000000e1300000|100%| O|  |TAMS 0x00000000e1200000, 0x00000000e1200000| Untracked 
|  19|0x00000000e1300000, 0x00000000e1352400, 0x00000000e1400000| 32%| O|  |TAMS 0x00000000e1300000, 0x00000000e1300000| Untracked 
|  20|0x00000000e1400000, 0x00000000e1400000, 0x00000000e1500000|  0%| F|  |TAMS 0x00000000e1400000, 0x00000000e1400000| Untracked 
|  21|0x00000000e1500000, 0x00000000e1500000, 0x00000000e1600000|  0%| F|  |TAMS 0x00000000e1500000, 0x00000000e1500000| Untracked 
|  22|0x00000000e1600000, 0x00000000e1600000, 0x00000000e1700000|  0%| F|  |TAMS 0x00000000e1600000, 0x00000000e1600000| Untracked 
|  23|0x00000000e1700000, 0x00000000e1700000, 0x00000000e1800000|  0%| F|  |TAMS 0x00000000e1700000, 0x00000000e1700000| Untracked 
|  24|0x00000000e1800000, 0x00000000e1800000, 0x00000000e1900000|  0%| F|  |TAMS 0x00000000e1800000, 0x00000000e1800000| Untracked 
|  25|0x00000000e1900000, 0x00000000e1900000, 0x00000000e1a00000|  0%| F|  |TAMS 0x00000000e1900000, 0x00000000e1900000| Untracked 
|  26|0x00000000e1a00000, 0x00000000e1a00000, 0x00000000e1b00000|  0%| F|  |TAMS 0x00000000e1a00000, 0x00000000e1a00000| Untracked 
|  27|0x00000000e1b00000, 0x00000000e1b00000, 0x00000000e1c00000|  0%| F|  |TAMS 0x00000000e1b00000, 0x00000000e1b00000| Untracked 
|  28|0x00000000e1c00000, 0x00000000e1c00000, 0x00000000e1d00000|  0%| F|  |TAMS 0x00000000e1c00000, 0x00000000e1c00000| Untracked 
|  29|0x00000000e1d00000, 0x00000000e1d00000, 0x00000000e1e00000|  0%| F|  |TAMS 0x00000000e1d00000, 0x00000000e1d00000| Untracked 
|  30|0x00000000e1e00000, 0x00000000e1e00000, 0x00000000e1f00000|  0%| F|  |TAMS 0x00000000e1e00000, 0x00000000e1e00000| Untracked 
|  31|0x00000000e1f00000, 0x00000000e1f00000, 0x00000000e2000000|  0%| F|  |TAMS 0x00000000e1f00000, 0x00000000e1f00000| Untracked 
|  32|0x00000000e2000000, 0x00000000e2000000, 0x00000000e2100000|  0%| F|  |TAMS 0x00000000e2000000, 0x00000000e2000000| Untracked 
|  33|0x00000000e2100000, 0x00000000e2100000, 0x00000000e2200000|  0%| F|  |TAMS 0x00000000e2100000, 0x00000000e2100000| Untracked 
|  34|0x00000000e2200000, 0x00000000e2200000, 0x00000000e2300000|  0%| F|  |TAMS 0x00000000e2200000, 0x00000000e2200000| Untracked 
|  35|0x00000000e2300000, 0x00000000e2300000, 0x00000000e2400000|  0%| F|  |TAMS 0x00000000e2300000, 0x00000000e2300000| Untracked 
|  36|0x00000000e2400000, 0x00000000e2400000, 0x00000000e2500000|  0%| F|  |TAMS 0x00000000e2400000, 0x00000000e2400000| Untracked 
|  37|0x00000000e2500000, 0x00000000e2500000, 0x00000000e2600000|  0%| F|  |TAMS 0x00000000e2500000, 0x00000000e2500000| Untracked 
|  38|0x00000000e2600000, 0x00000000e2600000, 0x00000000e2700000|  0%| F|  |TAMS 0x00000000e2600000, 0x00000000e2600000| Untracked 
|  39|0x00000000e2700000, 0x00000000e2700000, 0x00000000e2800000|  0%| F|  |TAMS 0x00000000e2700000, 0x00000000e2700000| Untracked 
|  40|0x00000000e2800000, 0x00000000e2800000, 0x00000000e2900000|  0%| F|  |TAMS 0x00000000e2800000, 0x00000000e2800000| Untracked 
|  41|0x00000000e2900000, 0x00000000e2900000, 0x00000000e2a00000|  0%| F|  |TAMS 0x00000000e2900000, 0x00000000e2900000| Untracked 
|  42|0x00000000e2a00000, 0x00000000e2a00000, 0x00000000e2b00000|  0%| F|  |TAMS 0x00000000e2a00000, 0x00000000e2a00000| Untracked 
|  43|0x00000000e2b00000, 0x00000000e2b00000, 0x00000000e2c00000|  0%| F|  |TAMS 0x00000000e2b00000, 0x00000000e2b00000| Untracked 
|  44|0x00000000e2c00000, 0x00000000e2c00000, 0x00000000e2d00000|  0%| F|  |TAMS 0x00000000e2c00000, 0x00000000e2c00000| Untracked 
|  45|0x00000000e2d00000, 0x00000000e2d00000, 0x00000000e2e00000|  0%| F|  |TAMS 0x00000000e2d00000, 0x00000000e2d00000| Untracked 
|  46|0x00000000e2e00000, 0x00000000e2e00000, 0x00000000e2f00000|  0%| F|  |TAMS 0x00000000e2e00000, 0x00000000e2e00000| Untracked 
|  47|0x00000000e2f00000, 0x00000000e2f00000, 0x00000000e3000000|  0%| F|  |TAMS 0x00000000e2f00000, 0x00000000e2f00000| Untracked 
|  48|0x00000000e3000000, 0x00000000e3000000, 0x00000000e3100000|  0%| F|  |TAMS 0x00000000e3000000, 0x00000000e3000000| Untracked 
|  49|0x00000000e3100000, 0x00000000e3100000, 0x00000000e3200000|  0%| F|  |TAMS 0x00000000e3100000, 0x00000000e3100000| Untracked 
|  50|0x00000000e3200000, 0x00000000e3200000, 0x00000000e3300000|  0%| F|  |TAMS 0x00000000e3200000, 0x00000000e3200000| Untracked 
|  51|0x00000000e3300000, 0x00000000e3300000, 0x00000000e3400000|  0%| F|  |TAMS 0x00000000e3300000, 0x00000000e3300000| Untracked 
|  52|0x00000000e3400000, 0x00000000e3400000, 0x00000000e3500000|  0%| F|  |TAMS 0x00000000e3400000, 0x00000000e3400000| Untracked 
|  53|0x00000000e3500000, 0x00000000e3500000, 0x00000000e3600000|  0%| F|  |TAMS 0x00000000e3500000, 0x00000000e3500000| Untracked 
|  54|0x00000000e3600000, 0x00000000e3600000, 0x00000000e3700000|  0%| F|  |TAMS 0x00000000e3600000, 0x00000000e3600000| Untracked 
|  55|0x00000000e3700000, 0x00000000e3700000, 0x00000000e3800000|  0%| F|  |TAMS 0x00000000e3700000, 0x00000000e3700000| Untracked 
|  56|0x00000000e3800000, 0x00000000e3800000, 0x00000000e3900000|  0%| F|  |TAMS 0x00000000e3800000, 0x00000000e3800000| Untracked 
|  57|0x00000000e3900000, 0x00000000e3900000, 0x00000000e3a00000|  0%| F|  |TAMS 0x00000000e3900000, 0x00000000e3900000| Untracked 
|  58|0x00000000e3a00000, 0x00000000e3a00000, 0x00000000e3b00000|  0%| F|  |TAMS 0x00000000e3a00000, 0x00000000e3a00000| Untracked 
|  59|0x00000000e3b00000, 0x00000000e3b00000, 0x00000000e3c00000|  0%| F|  |TAMS 0x00000000e3b00000, 0x00000000e3b00000| Untracked 
|  60|0x00000000e3c00000, 0x00000000e3c00000, 0x00000000e3d00000|  0%| F|  |TAMS 0x00000000e3c00000, 0x00000000e3c00000| Untracked 
|  61|0x00000000e3d00000, 0x00000000e3d00000, 0x00000000e3e00000|  0%| F|  |TAMS 0x00000000e3d00000, 0x00000000e3d00000| Untracked 
|  62|0x00000000e3e00000, 0x00000000e3e00000, 0x00000000e3f00000|  0%| F|  |TAMS 0x00000000e3e00000, 0x00000000e3e00000| Untracked 
|  63|0x00000000e3f00000, 0x00000000e3f00000, 0x00000000e4000000|  0%| F|  |TAMS 0x00000000e3f00000, 0x00000000e3f00000| Untracked 
|  64|0x00000000e4000000, 0x00000000e4000000, 0x00000000e4100000|  0%| F|  |TAMS 0x00000000e4000000, 0x00000000e4000000| Untracked 
|  65|0x00000000e4100000, 0x00000000e4100000, 0x00000000e4200000|  0%| F|  |TAMS 0x00000000e4100000, 0x00000000e4100000| Untracked 
|  66|0x00000000e4200000, 0x00000000e4200000, 0x00000000e4300000|  0%| F|  |TAMS 0x00000000e4200000, 0x00000000e4200000| Untracked 
|  67|0x00000000e4300000, 0x00000000e4300000, 0x00000000e4400000|  0%| F|  |TAMS 0x00000000e4300000, 0x00000000e4300000| Untracked 
|  68|0x00000000e4400000, 0x00000000e4400000, 0x00000000e4500000|  0%| F|  |TAMS 0x00000000e4400000, 0x00000000e4400000| Untracked 
|  69|0x00000000e4500000, 0x00000000e4500000, 0x00000000e4600000|  0%| F|  |TAMS 0x00000000e4500000, 0x00000000e4500000| Untracked 
|  70|0x00000000e4600000, 0x00000000e4600000, 0x00000000e4700000|  0%| F|  |TAMS 0x00000000e4600000, 0x00000000e4600000| Untracked 
|  71|0x00000000e4700000, 0x00000000e4700000, 0x00000000e4800000|  0%| F|  |TAMS 0x00000000e4700000, 0x00000000e4700000| Untracked 
|  72|0x00000000e4800000, 0x00000000e4800000, 0x00000000e4900000|  0%| F|  |TAMS 0x00000000e4800000, 0x00000000e4800000| Untracked 
|  73|0x00000000e4900000, 0x00000000e4900000, 0x00000000e4a00000|  0%| F|  |TAMS 0x00000000e4900000, 0x00000000e4900000| Untracked 
|  74|0x00000000e4a00000, 0x00000000e4a00000, 0x00000000e4b00000|  0%| F|  |TAMS 0x00000000e4a00000, 0x00000000e4a00000| Untracked 
|  75|0x00000000e4b00000, 0x00000000e4b00000, 0x00000000e4c00000|  0%| F|  |TAMS 0x00000000e4b00000, 0x00000000e4b00000| Untracked 
|  76|0x00000000e4c00000, 0x00000000e4c00000, 0x00000000e4d00000|  0%| F|  |TAMS 0x00000000e4c00000, 0x00000000e4c00000| Untracked 
|  77|0x00000000e4d00000, 0x00000000e4d00000, 0x00000000e4e00000|  0%| F|  |TAMS 0x00000000e4d00000, 0x00000000e4d00000| Untracked 
|  78|0x00000000e4e00000, 0x00000000e4e00000, 0x00000000e4f00000|  0%| F|  |TAMS 0x00000000e4e00000, 0x00000000e4e00000| Untracked 
|  79|0x00000000e4f00000, 0x00000000e4f00000, 0x00000000e5000000|  0%| F|  |TAMS 0x00000000e4f00000, 0x00000000e4f00000| Untracked 
|  80|0x00000000e5000000, 0x00000000e5000000, 0x00000000e5100000|  0%| F|  |TAMS 0x00000000e5000000, 0x00000000e5000000| Untracked 
|  81|0x00000000e5100000, 0x00000000e5100000, 0x00000000e5200000|  0%| F|  |TAMS 0x00000000e5100000, 0x00000000e5100000| Untracked 
|  82|0x00000000e5200000, 0x00000000e5200000, 0x00000000e5300000|  0%| F|  |TAMS 0x00000000e5200000, 0x00000000e5200000| Untracked 
|  83|0x00000000e5300000, 0x00000000e5300000, 0x00000000e5400000|  0%| F|  |TAMS 0x00000000e5300000, 0x00000000e5300000| Untracked 
|  84|0x00000000e5400000, 0x00000000e5400000, 0x00000000e5500000|  0%| F|  |TAMS 0x00000000e5400000, 0x00000000e5400000| Untracked 
|  85|0x00000000e5500000, 0x00000000e5500000, 0x00000000e5600000|  0%| F|  |TAMS 0x00000000e5500000, 0x00000000e5500000| Untracked 
|  86|0x00000000e5600000, 0x00000000e5600000, 0x00000000e5700000|  0%| F|  |TAMS 0x00000000e5600000, 0x00000000e5600000| Untracked 
|  87|0x00000000e5700000, 0x00000000e5700000, 0x00000000e5800000|  0%| F|  |TAMS 0x00000000e5700000, 0x00000000e5700000| Untracked 
|  88|0x00000000e5800000, 0x00000000e5800000, 0x00000000e5900000|  0%| F|  |TAMS 0x00000000e5800000, 0x00000000e5800000| Untracked 
|  89|0x00000000e5900000, 0x00000000e5900000, 0x00000000e5a00000|  0%| F|  |TAMS 0x00000000e5900000, 0x00000000e5900000| Untracked 
|  90|0x00000000e5a00000, 0x00000000e5a00000, 0x00000000e5b00000|  0%| F|  |TAMS 0x00000000e5a00000, 0x00000000e5a00000| Untracked 
|  91|0x00000000e5b00000, 0x00000000e5b00000, 0x00000000e5c00000|  0%| F|  |TAMS 0x00000000e5b00000, 0x00000000e5b00000| Untracked 
|  92|0x00000000e5c00000, 0x00000000e5c00000, 0x00000000e5d00000|  0%| F|  |TAMS 0x00000000e5c00000, 0x00000000e5c00000| Untracked 
|  93|0x00000000e5d00000, 0x00000000e5d00000, 0x00000000e5e00000|  0%| F|  |TAMS 0x00000000e5d00000, 0x00000000e5d00000| Untracked 
|  94|0x00000000e5e00000, 0x00000000e5e00000, 0x00000000e5f00000|  0%| F|  |TAMS 0x00000000e5e00000, 0x00000000e5e00000| Untracked 
|  95|0x00000000e5f00000, 0x00000000e5f00000, 0x00000000e6000000|  0%| F|  |TAMS 0x00000000e5f00000, 0x00000000e5f00000| Untracked 
|  96|0x00000000e6000000, 0x00000000e6000000, 0x00000000e6100000|  0%| F|  |TAMS 0x00000000e6000000, 0x00000000e6000000| Untracked 
|  97|0x00000000e6100000, 0x00000000e6100000, 0x00000000e6200000|  0%| F|  |TAMS 0x00000000e6100000, 0x00000000e6100000| Untracked 
|  98|0x00000000e6200000, 0x00000000e6200000, 0x00000000e6300000|  0%| F|  |TAMS 0x00000000e6200000, 0x00000000e6200000| Untracked 
|  99|0x00000000e6300000, 0x00000000e6300000, 0x00000000e6400000|  0%| F|  |TAMS 0x00000000e6300000, 0x00000000e6300000| Untracked 
| 100|0x00000000e6400000, 0x00000000e6400000, 0x00000000e6500000|  0%| F|  |TAMS 0x00000000e6400000, 0x00000000e6400000| Untracked 
| 101|0x00000000e6500000, 0x00000000e6500000, 0x00000000e6600000|  0%| F|  |TAMS 0x00000000e6500000, 0x00000000e6500000| Untracked 
| 102|0x00000000e6600000, 0x00000000e6600000, 0x00000000e6700000|  0%| F|  |TAMS 0x00000000e6600000, 0x00000000e6600000| Untracked 
| 103|0x00000000e6700000, 0x00000000e6700000, 0x00000000e6800000|  0%| F|  |TAMS 0x00000000e6700000, 0x00000000e6700000| Untracked 
| 104|0x00000000e6800000, 0x00000000e6800000, 0x00000000e6900000|  0%| F|  |TAMS 0x00000000e6800000, 0x00000000e6800000| Untracked 
| 105|0x00000000e6900000, 0x00000000e6900000, 0x00000000e6a00000|  0%| F|  |TAMS 0x00000000e6900000, 0x00000000e6900000| Untracked 
| 106|0x00000000e6a00000, 0x00000000e6a00000, 0x00000000e6b00000|  0%| F|  |TAMS 0x00000000e6a00000, 0x00000000e6a00000| Untracked 
| 107|0x00000000e6b00000, 0x00000000e6b00000, 0x00000000e6c00000|  0%| F|  |TAMS 0x00000000e6b00000, 0x00000000e6b00000| Untracked 
| 108|0x00000000e6c00000, 0x00000000e6c00000, 0x00000000e6d00000|  0%| F|  |TAMS 0x00000000e6c00000, 0x00000000e6c00000| Untracked 
| 109|0x00000000e6d00000, 0x00000000e6d00000, 0x00000000e6e00000|  0%| F|  |TAMS 0x00000000e6d00000, 0x00000000e6d00000| Untracked 
| 110|0x00000000e6e00000, 0x00000000e6e00000, 0x00000000e6f00000|  0%| F|  |TAMS 0x00000000e6e00000, 0x00000000e6e00000| Untracked 
| 111|0x00000000e6f00000, 0x00000000e6f00000, 0x00000000e7000000|  0%| F|  |TAMS 0x00000000e6f00000, 0x00000000e6f00000| Untracked 
| 112|0x00000000e7000000, 0x00000000e7000000, 0x00000000e7100000|  0%| F|  |TAMS 0x00000000e7000000, 0x00000000e7000000| Untracked 
| 113|0x00000000e7100000, 0x00000000e7100000, 0x00000000e7200000|  0%| F|  |TAMS 0x00000000e7100000, 0x00000000e7100000| Untracked 
| 114|0x00000000e7200000, 0x00000000e7200000, 0x00000000e7300000|  0%| F|  |TAMS 0x00000000e7200000, 0x00000000e7200000| Untracked 
| 115|0x00000000e7300000, 0x00000000e7300000, 0x00000000e7400000|  0%| F|  |TAMS 0x00000000e7300000, 0x00000000e7300000| Untracked 
| 116|0x00000000e7400000, 0x00000000e7400000, 0x00000000e7500000|  0%| F|  |TAMS 0x00000000e7400000, 0x00000000e7400000| Untracked 
| 117|0x00000000e7500000, 0x00000000e7500000, 0x00000000e7600000|  0%| F|  |TAMS 0x00000000e7500000, 0x00000000e7500000| Untracked 
| 118|0x00000000e7600000, 0x00000000e7600000, 0x00000000e7700000|  0%| F|  |TAMS 0x00000000e7600000, 0x00000000e7600000| Untracked 
| 119|0x00000000e7700000, 0x00000000e7700000, 0x00000000e7800000|  0%| F|  |TAMS 0x00000000e7700000, 0x00000000e7700000| Untracked 
| 120|0x00000000e7800000, 0x00000000e7800000, 0x00000000e7900000|  0%| F|  |TAMS 0x00000000e7800000, 0x00000000e7800000| Untracked 
| 121|0x00000000e7900000, 0x00000000e7900000, 0x00000000e7a00000|  0%| F|  |TAMS 0x00000000e7900000, 0x00000000e7900000| Untracked 
| 122|0x00000000e7a00000, 0x00000000e7a00000, 0x00000000e7b00000|  0%| F|  |TAMS 0x00000000e7a00000, 0x00000000e7a00000| Untracked 
| 123|0x00000000e7b00000, 0x00000000e7b00000, 0x00000000e7c00000|  0%| F|  |TAMS 0x00000000e7b00000, 0x00000000e7b00000| Untracked 
| 124|0x00000000e7c00000, 0x00000000e7c00000, 0x00000000e7d00000|  0%| F|  |TAMS 0x00000000e7c00000, 0x00000000e7c00000| Untracked 
| 125|0x00000000e7d00000, 0x00000000e7d00000, 0x00000000e7e00000|  0%| F|  |TAMS 0x00000000e7d00000, 0x00000000e7d00000| Untracked 
| 126|0x00000000e7e00000, 0x00000000e7e00000, 0x00000000e7f00000|  0%| F|  |TAMS 0x00000000e7e00000, 0x00000000e7e00000| Untracked 
| 127|0x00000000e7f00000, 0x00000000e7f00000, 0x00000000e8000000|  0%| F|  |TAMS 0x00000000e7f00000, 0x00000000e7f00000| Untracked 
| 128|0x00000000e8000000, 0x00000000e8000000, 0x00000000e8100000|  0%| F|  |TAMS 0x00000000e8000000, 0x00000000e8000000| Untracked 
| 129|0x00000000e8100000, 0x00000000e8100000, 0x00000000e8200000|  0%| F|  |TAMS 0x00000000e8100000, 0x00000000e8100000| Untracked 
| 130|0x00000000e8200000, 0x00000000e8200000, 0x00000000e8300000|  0%| F|  |TAMS 0x00000000e8200000, 0x00000000e8200000| Untracked 
| 131|0x00000000e8300000, 0x00000000e8300000, 0x00000000e8400000|  0%| F|  |TAMS 0x00000000e8300000, 0x00000000e8300000| Untracked 
| 132|0x00000000e8400000, 0x00000000e8400000, 0x00000000e8500000|  0%| F|  |TAMS 0x00000000e8400000, 0x00000000e8400000| Untracked 
| 133|0x00000000e8500000, 0x00000000e8500000, 0x00000000e8600000|  0%| F|  |TAMS 0x00000000e8500000, 0x00000000e8500000| Untracked 
| 134|0x00000000e8600000, 0x00000000e8600000, 0x00000000e8700000|  0%| F|  |TAMS 0x00000000e8600000, 0x00000000e8600000| Untracked 
| 135|0x00000000e8700000, 0x00000000e8700000, 0x00000000e8800000|  0%| F|  |TAMS 0x00000000e8700000, 0x00000000e8700000| Untracked 
| 136|0x00000000e8800000, 0x00000000e8800000, 0x00000000e8900000|  0%| F|  |TAMS 0x00000000e8800000, 0x00000000e8800000| Untracked 
| 137|0x00000000e8900000, 0x00000000e8900000, 0x00000000e8a00000|  0%| F|  |TAMS 0x00000000e8900000, 0x00000000e8900000| Untracked 
| 138|0x00000000e8a00000, 0x00000000e8a00000, 0x00000000e8b00000|  0%| F|  |TAMS 0x00000000e8a00000, 0x00000000e8a00000| Untracked 
| 139|0x00000000e8b00000, 0x00000000e8b00000, 0x00000000e8c00000|  0%| F|  |TAMS 0x00000000e8b00000, 0x00000000e8b00000| Untracked 
| 140|0x00000000e8c00000, 0x00000000e8c00000, 0x00000000e8d00000|  0%| F|  |TAMS 0x00000000e8c00000, 0x00000000e8c00000| Untracked 
| 141|0x00000000e8d00000, 0x00000000e8d00000, 0x00000000e8e00000|  0%| F|  |TAMS 0x00000000e8d00000, 0x00000000e8d00000| Untracked 
| 142|0x00000000e8e00000, 0x00000000e8e00000, 0x00000000e8f00000|  0%| F|  |TAMS 0x00000000e8e00000, 0x00000000e8e00000| Untracked 
| 143|0x00000000e8f00000, 0x00000000e8f00000, 0x00000000e9000000|  0%| F|  |TAMS 0x00000000e8f00000, 0x00000000e8f00000| Untracked 
| 144|0x00000000e9000000, 0x00000000e9052830, 0x00000000e9100000| 32%| S|CS|TAMS 0x00000000e9000000, 0x00000000e9000000| Complete 
| 145|0x00000000e9100000, 0x00000000e9200000, 0x00000000e9200000|100%| S|CS|TAMS 0x00000000e9100000, 0x00000000e9100000| Complete 
| 146|0x00000000e9200000, 0x00000000e9300000, 0x00000000e9300000|100%| S|CS|TAMS 0x00000000e9200000, 0x00000000e9200000| Complete 
| 147|0x00000000e9300000, 0x00000000e9400000, 0x00000000e9400000|100%| S|CS|TAMS 0x00000000e9300000, 0x00000000e9300000| Complete 
| 148|0x00000000e9400000, 0x00000000e9400000, 0x00000000e9500000|  0%| F|  |TAMS 0x00000000e9400000, 0x00000000e9400000| Untracked 
| 149|0x00000000e9500000, 0x00000000e9500000, 0x00000000e9600000|  0%| F|  |TAMS 0x00000000e9500000, 0x00000000e9500000| Untracked 
| 150|0x00000000e9600000, 0x00000000e9600000, 0x00000000e9700000|  0%| F|  |TAMS 0x00000000e9600000, 0x00000000e9600000| Untracked 
| 151|0x00000000e9700000, 0x00000000e9700000, 0x00000000e9800000|  0%| F|  |TAMS 0x00000000e9700000, 0x00000000e9700000| Untracked 
| 152|0x00000000e9800000, 0x00000000e9800000, 0x00000000e9900000|  0%| F|  |TAMS 0x00000000e9800000, 0x00000000e9800000| Untracked 
| 153|0x00000000e9900000, 0x00000000e9900000, 0x00000000e9a00000|  0%| F|  |TAMS 0x00000000e9900000, 0x00000000e9900000| Untracked 
| 154|0x00000000e9a00000, 0x00000000e9a00000, 0x00000000e9b00000|  0%| F|  |TAMS 0x00000000e9a00000, 0x00000000e9a00000| Untracked 
| 155|0x00000000e9b00000, 0x00000000e9b00000, 0x00000000e9c00000|  0%| F|  |TAMS 0x00000000e9b00000, 0x00000000e9b00000| Untracked 
| 156|0x00000000e9c00000, 0x00000000e9c00000, 0x00000000e9d00000|  0%| F|  |TAMS 0x00000000e9c00000, 0x00000000e9c00000| Untracked 
| 157|0x00000000e9d00000, 0x00000000e9d00000, 0x00000000e9e00000|  0%| F|  |TAMS 0x00000000e9d00000, 0x00000000e9d00000| Untracked 
| 158|0x00000000e9e00000, 0x00000000e9e00000, 0x00000000e9f00000|  0%| F|  |TAMS 0x00000000e9e00000, 0x00000000e9e00000| Untracked 
| 159|0x00000000e9f00000, 0x00000000e9f00000, 0x00000000ea000000|  0%| F|  |TAMS 0x00000000e9f00000, 0x00000000e9f00000| Untracked 
| 160|0x00000000ea000000, 0x00000000ea000000, 0x00000000ea100000|  0%| F|  |TAMS 0x00000000ea000000, 0x00000000ea000000| Untracked 
| 161|0x00000000ea100000, 0x00000000ea100000, 0x00000000ea200000|  0%| F|  |TAMS 0x00000000ea100000, 0x00000000ea100000| Untracked 
| 162|0x00000000ea200000, 0x00000000ea200000, 0x00000000ea300000|  0%| F|  |TAMS 0x00000000ea200000, 0x00000000ea200000| Untracked 
| 163|0x00000000ea300000, 0x00000000ea300000, 0x00000000ea400000|  0%| F|  |TAMS 0x00000000ea300000, 0x00000000ea300000| Untracked 
| 164|0x00000000ea400000, 0x00000000ea400000, 0x00000000ea500000|  0%| F|  |TAMS 0x00000000ea400000, 0x00000000ea400000| Untracked 
| 165|0x00000000ea500000, 0x00000000ea500000, 0x00000000ea600000|  0%| F|  |TAMS 0x00000000ea500000, 0x00000000ea500000| Untracked 
| 166|0x00000000ea600000, 0x00000000ea600000, 0x00000000ea700000|  0%| F|  |TAMS 0x00000000ea600000, 0x00000000ea600000| Untracked 
| 167|0x00000000ea700000, 0x00000000ea700000, 0x00000000ea800000|  0%| F|  |TAMS 0x00000000ea700000, 0x00000000ea700000| Untracked 
| 168|0x00000000ea800000, 0x00000000ea800000, 0x00000000ea900000|  0%| F|  |TAMS 0x00000000ea800000, 0x00000000ea800000| Untracked 
| 169|0x00000000ea900000, 0x00000000ea900000, 0x00000000eaa00000|  0%| F|  |TAMS 0x00000000ea900000, 0x00000000ea900000| Untracked 
| 170|0x00000000eaa00000, 0x00000000eaa00000, 0x00000000eab00000|  0%| F|  |TAMS 0x00000000eaa00000, 0x00000000eaa00000| Untracked 
| 171|0x00000000eab00000, 0x00000000eab00000, 0x00000000eac00000|  0%| F|  |TAMS 0x00000000eab00000, 0x00000000eab00000| Untracked 
| 172|0x00000000eac00000, 0x00000000eac00000, 0x00000000ead00000|  0%| F|  |TAMS 0x00000000eac00000, 0x00000000eac00000| Untracked 
| 173|0x00000000ead00000, 0x00000000ead00000, 0x00000000eae00000|  0%| F|  |TAMS 0x00000000ead00000, 0x00000000ead00000| Untracked 
| 174|0x00000000eae00000, 0x00000000eae00000, 0x00000000eaf00000|  0%| F|  |TAMS 0x00000000eae00000, 0x00000000eae00000| Untracked 
| 175|0x00000000eaf00000, 0x00000000eaf00000, 0x00000000eb000000|  0%| F|  |TAMS 0x00000000eaf00000, 0x00000000eaf00000| Untracked 
| 176|0x00000000eb000000, 0x00000000eb000000, 0x00000000eb100000|  0%| F|  |TAMS 0x00000000eb000000, 0x00000000eb000000| Untracked 
| 177|0x00000000eb100000, 0x00000000eb100000, 0x00000000eb200000|  0%| F|  |TAMS 0x00000000eb100000, 0x00000000eb100000| Untracked 
| 178|0x00000000eb200000, 0x00000000eb200000, 0x00000000eb300000|  0%| F|  |TAMS 0x00000000eb200000, 0x00000000eb200000| Untracked 
| 179|0x00000000eb300000, 0x00000000eb300000, 0x00000000eb400000|  0%| F|  |TAMS 0x00000000eb300000, 0x00000000eb300000| Untracked 
| 180|0x00000000eb400000, 0x00000000eb400000, 0x00000000eb500000|  0%| F|  |TAMS 0x00000000eb400000, 0x00000000eb400000| Untracked 
| 181|0x00000000eb500000, 0x00000000eb500000, 0x00000000eb600000|  0%| F|  |TAMS 0x00000000eb500000, 0x00000000eb500000| Untracked 
| 182|0x00000000eb600000, 0x00000000eb600000, 0x00000000eb700000|  0%| F|  |TAMS 0x00000000eb600000, 0x00000000eb600000| Untracked 
| 183|0x00000000eb700000, 0x00000000eb700000, 0x00000000eb800000|  0%| F|  |TAMS 0x00000000eb700000, 0x00000000eb700000| Untracked 
| 184|0x00000000eb800000, 0x00000000eb800000, 0x00000000eb900000|  0%| F|  |TAMS 0x00000000eb800000, 0x00000000eb800000| Untracked 
| 185|0x00000000eb900000, 0x00000000eb900000, 0x00000000eba00000|  0%| F|  |TAMS 0x00000000eb900000, 0x00000000eb900000| Untracked 
| 186|0x00000000eba00000, 0x00000000eba00000, 0x00000000ebb00000|  0%| F|  |TAMS 0x00000000eba00000, 0x00000000eba00000| Untracked 
| 187|0x00000000ebb00000, 0x00000000ebb00000, 0x00000000ebc00000|  0%| F|  |TAMS 0x00000000ebb00000, 0x00000000ebb00000| Untracked 
| 188|0x00000000ebc00000, 0x00000000ebc00000, 0x00000000ebd00000|  0%| F|  |TAMS 0x00000000ebc00000, 0x00000000ebc00000| Untracked 
| 189|0x00000000ebd00000, 0x00000000ebd00000, 0x00000000ebe00000|  0%| F|  |TAMS 0x00000000ebd00000, 0x00000000ebd00000| Untracked 
| 190|0x00000000ebe00000, 0x00000000ebe00000, 0x00000000ebf00000|  0%| F|  |TAMS 0x00000000ebe00000, 0x00000000ebe00000| Untracked 
| 191|0x00000000ebf00000, 0x00000000ebf00000, 0x00000000ec000000|  0%| F|  |TAMS 0x00000000ebf00000, 0x00000000ebf00000| Untracked 
| 192|0x00000000ec000000, 0x00000000ec000000, 0x00000000ec100000|  0%| F|  |TAMS 0x00000000ec000000, 0x00000000ec000000| Untracked 
| 193|0x00000000ec100000, 0x00000000ec100000, 0x00000000ec200000|  0%| F|  |TAMS 0x00000000ec100000, 0x00000000ec100000| Untracked 
| 194|0x00000000ec200000, 0x00000000ec200000, 0x00000000ec300000|  0%| F|  |TAMS 0x00000000ec200000, 0x00000000ec200000| Untracked 
| 195|0x00000000ec300000, 0x00000000ec300000, 0x00000000ec400000|  0%| F|  |TAMS 0x00000000ec300000, 0x00000000ec300000| Untracked 
| 196|0x00000000ec400000, 0x00000000ec400000, 0x00000000ec500000|  0%| F|  |TAMS 0x00000000ec400000, 0x00000000ec400000| Untracked 
| 197|0x00000000ec500000, 0x00000000ec500000, 0x00000000ec600000|  0%| F|  |TAMS 0x00000000ec500000, 0x00000000ec500000| Untracked 
| 198|0x00000000ec600000, 0x00000000ec600000, 0x00000000ec700000|  0%| F|  |TAMS 0x00000000ec600000, 0x00000000ec600000| Untracked 
| 199|0x00000000ec700000, 0x00000000ec700000, 0x00000000ec800000|  0%| F|  |TAMS 0x00000000ec700000, 0x00000000ec700000| Untracked 
| 200|0x00000000ec800000, 0x00000000ec800000, 0x00000000ec900000|  0%| F|  |TAMS 0x00000000ec800000, 0x00000000ec800000| Untracked 
| 201|0x00000000ec900000, 0x00000000ec900000, 0x00000000eca00000|  0%| F|  |TAMS 0x00000000ec900000, 0x00000000ec900000| Untracked 
| 202|0x00000000eca00000, 0x00000000eca00000, 0x00000000ecb00000|  0%| F|  |TAMS 0x00000000eca00000, 0x00000000eca00000| Untracked 
| 203|0x00000000ecb00000, 0x00000000ecb00000, 0x00000000ecc00000|  0%| F|  |TAMS 0x00000000ecb00000, 0x00000000ecb00000| Untracked 
| 204|0x00000000ecc00000, 0x00000000ecc00000, 0x00000000ecd00000|  0%| F|  |TAMS 0x00000000ecc00000, 0x00000000ecc00000| Untracked 
| 205|0x00000000ecd00000, 0x00000000ecd00000, 0x00000000ece00000|  0%| F|  |TAMS 0x00000000ecd00000, 0x00000000ecd00000| Untracked 
| 206|0x00000000ece00000, 0x00000000ece00000, 0x00000000ecf00000|  0%| F|  |TAMS 0x00000000ece00000, 0x00000000ece00000| Untracked 
| 207|0x00000000ecf00000, 0x00000000ecf00000, 0x00000000ed000000|  0%| F|  |TAMS 0x00000000ecf00000, 0x00000000ecf00000| Untracked 
| 208|0x00000000ed000000, 0x00000000ed100000, 0x00000000ed100000|100%| E|  |TAMS 0x00000000ed000000, 0x00000000ed000000| Complete 
| 209|0x00000000ed100000, 0x00000000ed200000, 0x00000000ed200000|100%| E|CS|TAMS 0x00000000ed100000, 0x00000000ed100000| Complete 
| 210|0x00000000ed200000, 0x00000000ed300000, 0x00000000ed300000|100%| E|CS|TAMS 0x00000000ed200000, 0x00000000ed200000| Complete 
| 211|0x00000000ed300000, 0x00000000ed400000, 0x00000000ed400000|100%| E|CS|TAMS 0x00000000ed300000, 0x00000000ed300000| Complete 
| 212|0x00000000ed400000, 0x00000000ed500000, 0x00000000ed500000|100%| E|CS|TAMS 0x00000000ed400000, 0x00000000ed400000| Complete 
| 213|0x00000000ed500000, 0x00000000ed600000, 0x00000000ed600000|100%| E|CS|TAMS 0x00000000ed500000, 0x00000000ed500000| Complete 
| 214|0x00000000ed600000, 0x00000000ed700000, 0x00000000ed700000|100%| E|CS|TAMS 0x00000000ed600000, 0x00000000ed600000| Complete 
| 215|0x00000000ed700000, 0x00000000ed800000, 0x00000000ed800000|100%| E|CS|TAMS 0x00000000ed700000, 0x00000000ed700000| Complete 
| 216|0x00000000ed800000, 0x00000000ed900000, 0x00000000ed900000|100%| E|CS|TAMS 0x00000000ed800000, 0x00000000ed800000| Complete 
| 217|0x00000000ed900000, 0x00000000eda00000, 0x00000000eda00000|100%| E|CS|TAMS 0x00000000ed900000, 0x00000000ed900000| Complete 
| 218|0x00000000eda00000, 0x00000000edb00000, 0x00000000edb00000|100%| E|CS|TAMS 0x00000000eda00000, 0x00000000eda00000| Complete 
| 219|0x00000000edb00000, 0x00000000edc00000, 0x00000000edc00000|100%| E|CS|TAMS 0x00000000edb00000, 0x00000000edb00000| Complete 
| 220|0x00000000edc00000, 0x00000000edd00000, 0x00000000edd00000|100%| E|CS|TAMS 0x00000000edc00000, 0x00000000edc00000| Complete 
| 221|0x00000000edd00000, 0x00000000ede00000, 0x00000000ede00000|100%| E|CS|TAMS 0x00000000edd00000, 0x00000000edd00000| Complete 
| 222|0x00000000ede00000, 0x00000000edf00000, 0x00000000edf00000|100%| E|CS|TAMS 0x00000000ede00000, 0x00000000ede00000| Complete 
| 223|0x00000000edf00000, 0x00000000ee000000, 0x00000000ee000000|100%| E|CS|TAMS 0x00000000edf00000, 0x00000000edf00000| Complete 
| 224|0x00000000ee000000, 0x00000000ee100000, 0x00000000ee100000|100%| E|CS|TAMS 0x00000000ee000000, 0x00000000ee000000| Complete 
| 225|0x00000000ee100000, 0x00000000ee200000, 0x00000000ee200000|100%| E|CS|TAMS 0x00000000ee100000, 0x00000000ee100000| Complete 
| 226|0x00000000ee200000, 0x00000000ee300000, 0x00000000ee300000|100%| E|CS|TAMS 0x00000000ee200000, 0x00000000ee200000| Complete 
| 227|0x00000000ee300000, 0x00000000ee400000, 0x00000000ee400000|100%| E|CS|TAMS 0x00000000ee300000, 0x00000000ee300000| Complete 
| 228|0x00000000ee400000, 0x00000000ee500000, 0x00000000ee500000|100%| E|CS|TAMS 0x00000000ee400000, 0x00000000ee400000| Complete 
| 229|0x00000000ee500000, 0x00000000ee600000, 0x00000000ee600000|100%| E|CS|TAMS 0x00000000ee500000, 0x00000000ee500000| Complete 
| 230|0x00000000ee600000, 0x00000000ee700000, 0x00000000ee700000|100%| E|CS|TAMS 0x00000000ee600000, 0x00000000ee600000| Complete 
| 231|0x00000000ee700000, 0x00000000ee800000, 0x00000000ee800000|100%| E|CS|TAMS 0x00000000ee700000, 0x00000000ee700000| Complete 
| 232|0x00000000ee800000, 0x00000000ee900000, 0x00000000ee900000|100%| E|CS|TAMS 0x00000000ee800000, 0x00000000ee800000| Complete 
| 233|0x00000000ee900000, 0x00000000eea00000, 0x00000000eea00000|100%| E|CS|TAMS 0x00000000ee900000, 0x00000000ee900000| Complete 
| 234|0x00000000eea00000, 0x00000000eeb00000, 0x00000000eeb00000|100%| E|CS|TAMS 0x00000000eea00000, 0x00000000eea00000| Complete 
| 235|0x00000000eeb00000, 0x00000000eec00000, 0x00000000eec00000|100%| E|CS|TAMS 0x00000000eeb00000, 0x00000000eeb00000| Complete 
| 236|0x00000000eec00000, 0x00000000eed00000, 0x00000000eed00000|100%| E|CS|TAMS 0x00000000eec00000, 0x00000000eec00000| Complete 
| 237|0x00000000eed00000, 0x00000000eee00000, 0x00000000eee00000|100%| E|CS|TAMS 0x00000000eed00000, 0x00000000eed00000| Complete 
| 238|0x00000000eee00000, 0x00000000eef00000, 0x00000000eef00000|100%| E|CS|TAMS 0x00000000eee00000, 0x00000000eee00000| Complete 
| 239|0x00000000eef00000, 0x00000000ef000000, 0x00000000ef000000|100%| E|CS|TAMS 0x00000000eef00000, 0x00000000eef00000| Complete 
| 240|0x00000000ef000000, 0x00000000ef100000, 0x00000000ef100000|100%| E|CS|TAMS 0x00000000ef000000, 0x00000000ef000000| Complete 
| 241|0x00000000ef100000, 0x00000000ef200000, 0x00000000ef200000|100%| E|CS|TAMS 0x00000000ef100000, 0x00000000ef100000| Complete 
| 242|0x00000000ef200000, 0x00000000ef300000, 0x00000000ef300000|100%| E|CS|TAMS 0x00000000ef200000, 0x00000000ef200000| Complete 
| 243|0x00000000ef300000, 0x00000000ef400000, 0x00000000ef400000|100%| E|CS|TAMS 0x00000000ef300000, 0x00000000ef300000| Complete 
| 244|0x00000000ef400000, 0x00000000ef500000, 0x00000000ef500000|100%| E|CS|TAMS 0x00000000ef400000, 0x00000000ef400000| Complete 
| 245|0x00000000ef500000, 0x00000000ef600000, 0x00000000ef600000|100%| E|CS|TAMS 0x00000000ef500000, 0x00000000ef500000| Complete 
| 246|0x00000000ef600000, 0x00000000ef700000, 0x00000000ef700000|100%| E|CS|TAMS 0x00000000ef600000, 0x00000000ef600000| Complete 
| 247|0x00000000ef700000, 0x00000000ef800000, 0x00000000ef800000|100%| E|CS|TAMS 0x00000000ef700000, 0x00000000ef700000| Complete 
| 248|0x00000000ef800000, 0x00000000ef900000, 0x00000000ef900000|100%| E|CS|TAMS 0x00000000ef800000, 0x00000000ef800000| Complete 
| 249|0x00000000ef900000, 0x00000000efa00000, 0x00000000efa00000|100%| E|CS|TAMS 0x00000000ef900000, 0x00000000ef900000| Complete 
| 250|0x00000000efa00000, 0x00000000efb00000, 0x00000000efb00000|100%| E|CS|TAMS 0x00000000efa00000, 0x00000000efa00000| Complete 
| 251|0x00000000efb00000, 0x00000000efc00000, 0x00000000efc00000|100%| E|CS|TAMS 0x00000000efb00000, 0x00000000efb00000| Complete 
| 252|0x00000000efc00000, 0x00000000efd00000, 0x00000000efd00000|100%| E|CS|TAMS 0x00000000efc00000, 0x00000000efc00000| Complete 
| 253|0x00000000efd00000, 0x00000000efe00000, 0x00000000efe00000|100%| E|CS|TAMS 0x00000000efd00000, 0x00000000efd00000| Complete 
| 254|0x00000000efe00000, 0x00000000eff00000, 0x00000000eff00000|100%| E|CS|TAMS 0x00000000efe00000, 0x00000000efe00000| Complete 
| 255|0x00000000eff00000, 0x00000000f0000000, 0x00000000f0000000|100%| E|CS|TAMS 0x00000000eff00000, 0x00000000eff00000| Complete 

Card table byte_map: [0x0000027b76690000,0x0000027b76790000] _byte_map_base: 0x0000027b75f90000

Marking Bits (Prev, Next): (CMBitMap*) 0x0000027b5fbcbd00, (CMBitMap*) 0x0000027b5fbcbcc8
 Prev Bits: [0x0000027b77090000, 0x0000027b77890000)
 Next Bits: [0x0000027b76890000, 0x0000027b77090000)

Polling page: 0x0000027b5db10000

Metaspace:

Usage:
  Non-class:     25.63 MB capacity,    25.14 MB ( 98%) used,   438.99 KB (  2%) free+waste,    67.25 KB ( <1%) overhead. 
      Class:      4.11 MB capacity,     3.83 MB ( 93%) used,   257.38 KB (  6%) free+waste,    34.50 KB ( <1%) overhead. 
       Both:     29.75 MB capacity,    28.97 MB ( 97%) used,   696.38 KB (  2%) free+waste,   101.75 KB ( <1%) overhead. 

Virtual space:
  Non-class space:       26.00 MB reserved,      25.67 MB ( 99%) committed 
      Class space:      376.00 MB reserved,       4.13 MB (  1%) committed 
             Both:      402.00 MB reserved,      29.80 MB (  7%) committed 

Chunk freelists:
   Non-Class:  4.88 KB
       Class:  1.50 KB
        Both:  6.38 KB

CodeHeap 'non-profiled nmethods': size=120000Kb used=1394Kb max_used=1394Kb free=118605Kb
 bounds [0x0000027b6ed20000, 0x0000027b6ef90000, 0x0000027b76250000]
CodeHeap 'profiled nmethods': size=120000Kb used=5774Kb max_used=5774Kb free=114225Kb
 bounds [0x0000027b677f0000, 0x0000027b67da0000, 0x0000027b6ed20000]
CodeHeap 'non-nmethods': size=5760Kb used=1183Kb max_used=1225Kb free=4576Kb
 bounds [0x0000027b67250000, 0x0000027b674c0000, 0x0000027b677f0000]
 total_blobs=3209 nmethods=2689 adapters=431
 compilation: enabled
              stopped_count=0, restarted_count=0
 full_count=0

Compilation events (10 events):
Event: 3.218 Thread 0x0000027b7aba8800 2682       3       org.objectweb.asm.MethodWriter::visitMethodInsn (191 bytes)
Event: 3.218 Thread 0x0000027b7aba8800 nmethod 2682 0x0000027b67d8de10 code [0x0000027b67d8e040, 0x0000027b67d8e8c8]
Event: 3.218 Thread 0x0000027b7aba8800 2683       3       org.objectweb.asm.Type::appendDescriptor (90 bytes)
Event: 3.219 Thread 0x0000027b7aba8800 nmethod 2683 0x0000027b67d8ec10 code [0x0000027b67d8ee20, 0x0000027b67d8f308]
Event: 3.219 Thread 0x0000027b7aba8800 2685       3       java.lang.Class::copyMethods (36 bytes)
Event: 3.219 Thread 0x0000027b7aba8800 nmethod 2685 0x0000027b67d8f510 code [0x0000027b67d8f740, 0x0000027b67d90118]
Event: 3.220 Thread 0x0000027b7d9da800 nmethod 2679 0x0000027b6ee69790 code [0x0000027b6ee69940, 0x0000027b6ee69cb8]
Event: 3.222 Thread 0x0000027b7aba8800 2686       3       com.google.common.collect.ImmutableCollection::<init> (5 bytes)
Event: 3.223 Thread 0x0000027b7aba8800 nmethod 2686 0x0000027b67d90490 code [0x0000027b67d90640, 0x0000027b67d907f8]
Event: 3.223 Thread 0x0000027b7d9da800 2687       4       java.lang.reflect.ProxyGenerator$ConstantPool::getIndirect (63 bytes)

GC Heap History (8 events):
Event: 0.540 GC heap before
{Heap before GC invocations=0 (full 0):
 garbage-first heap   total 262144K, used 23552K [0x00000000e0000000, 0x0000000100000000)
  region size 1024K, 24 young (24576K), 0 survivors (0K)
 Metaspace       used 7174K, capacity 7276K, committed 7424K, reserved 393216K
  class space    used 623K, capacity 657K, committed 768K, reserved 385024K
}
Event: 0.542 GC heap after
{Heap after GC invocations=1 (full 0):
 garbage-first heap   total 262144K, used 5117K [0x00000000e0000000, 0x0000000100000000)
  region size 1024K, 3 young (3072K), 3 survivors (3072K)
 Metaspace       used 7174K, capacity 7276K, committed 7424K, reserved 393216K
  class space    used 623K, capacity 657K, committed 768K, reserved 385024K
}
Event: 2.348 GC heap before
{Heap before GC invocations=1 (full 0):
 garbage-first heap   total 262144K, used 164861K [0x00000000e0000000, 0x0000000100000000)
  region size 1024K, 153 young (156672K), 3 survivors (3072K)
 Metaspace       used 19231K, capacity 19671K, committed 19840K, reserved 403456K
  class space    used 2247K, capacity 2390K, committed 2432K, reserved 385024K
}
Event: 2.353 GC heap after
{Heap after GC invocations=2 (full 0):
 garbage-first heap   total 262144K, used 20838K [0x00000000e0000000, 0x0000000100000000)
  region size 1024K, 14 young (14336K), 14 survivors (14336K)
 Metaspace       used 19231K, capacity 19671K, committed 19840K, reserved 403456K
  class space    used 2247K, capacity 2390K, committed 2432K, reserved 385024K
}
Event: 2.449 GC heap before
{Heap before GC invocations=2 (full 0):
 garbage-first heap   total 262144K, used 33126K [0x00000000e0000000, 0x0000000100000000)
  region size 1024K, 27 young (27648K), 14 survivors (14336K)
 Metaspace       used 20726K, capacity 21187K, committed 21296K, reserved 405504K
  class space    used 2450K, capacity 2645K, committed 2688K, reserved 385024K
}
Event: 2.453 GC heap after
{Heap after GC invocations=3 (full 0):
 garbage-first heap   total 262144K, used 20788K [0x00000000e0000000, 0x0000000100000000)
  region size 1024K, 11 young (11264K), 11 survivors (11264K)
 Metaspace       used 20726K, capacity 21187K, committed 21296K, reserved 405504K
  class space    used 2450K, capacity 2645K, committed 2688K, reserved 385024K
}
Event: 2.971 GC heap before
{Heap before GC invocations=4 (full 0):
 garbage-first heap   total 262144K, used 119092K [0x00000000e0000000, 0x0000000100000000)
  region size 1024K, 108 young (110592K), 11 survivors (11264K)
 Metaspace       used 26609K, capacity 27354K, committed 27440K, reserved 409600K
  class space    used 3427K, capacity 3683K, committed 3712K, reserved 385024K
}
Event: 2.976 GC heap after
{Heap after GC invocations=5 (full 0):
 garbage-first heap   total 262144K, used 23187K [0x00000000e0000000, 0x0000000100000000)
  region size 1024K, 4 young (4096K), 4 survivors (4096K)
 Metaspace       used 26609K, capacity 27354K, committed 27440K, reserved 409600K
  class space    used 3427K, capacity 3683K, committed 3712K, reserved 385024K
}

Deoptimization events (10 events):
Event: 2.261 Thread 0x0000027b7d3fa000 Uncommon trap: reason=bimorphic_or_optimized_type_check action=maybe_recompile pc=0x0000027b6ed7f6c4 method=java.util.HashMap.putVal(ILjava/lang/Object;Ljava/lang/Object;ZZ)Ljava/lang/Object; @ 253 c2
Event: 2.298 Thread 0x0000027b7d3fa000 Uncommon trap: reason=unstable_if action=reinterpret pc=0x0000027b6ee10a68 method=jdk.internal.org.objectweb.asm.Type.getArgumentsAndReturnSizes(Ljava/lang/String;)I @ 47 c2
Event: 2.380 Thread 0x0000027b7d3fa000 Uncommon trap: reason=unstable_if action=reinterpret pc=0x0000027b6edf5bd8 method=java.util.concurrent.ConcurrentHashMap.get(Ljava/lang/Object;)Ljava/lang/Object; @ 76 c2
Event: 2.629 Thread 0x0000027b7d3fa000 Uncommon trap: reason=unstable_if action=reinterpret pc=0x0000027b6edc6788 method=java.io.WinNTFileSystem.resolve(Ljava/lang/String;Ljava/lang/String;)Ljava/lang/String; @ 19 c2
Event: 2.630 Thread 0x0000027b7d3fa000 Uncommon trap: reason=bimorphic_or_optimized_type_check action=maybe_recompile pc=0x0000027b6eda0624 method=java.util.AbstractList$Itr.hasNext()Z @ 8 c2
Event: 2.630 Thread 0x0000027b7d3fa000 Uncommon trap: reason=bimorphic_or_optimized_type_check action=maybe_recompile pc=0x0000027b6edc48dc method=java.util.AbstractList$Itr.next()Ljava/lang/Object; @ 14 c2
Event: 2.630 Thread 0x0000027b7d3fa000 Uncommon trap: reason=unstable_if action=reinterpret pc=0x0000027b6edb8f04 method=java.io.File.getName()Ljava/lang/String; @ 16 c2
Event: 2.630 Thread 0x0000027b7d3fa000 Uncommon trap: reason=unstable_if action=reinterpret pc=0x0000027b6ed6ee94 method=java.lang.String.substring(I)Ljava/lang/String; @ 34 c2
Event: 2.763 Thread 0x0000027b7bc10000 Uncommon trap: reason=unstable_if action=reinterpret pc=0x0000027b6ee14320 method=java.util.concurrent.ConcurrentHashMap.putVal(Ljava/lang/Object;Ljava/lang/Object;Z)Ljava/lang/Object; @ 231 c2
Event: 3.037 Thread 0x0000027b7d3fa000 Uncommon trap: reason=unstable_if action=reinterpret pc=0x0000027b6edcdf48 method=java.util.HashMap.getNode(ILjava/lang/Object;)Ljava/util/HashMap$Node; @ 129 c2

Classes redefined (0 events):
No events

Internal exceptions (10 events):
Event: 3.153 Thread 0x0000027b7d3fa000 Exception <a 'java/lang/NoSuchMethodError'{0x00000000ee229b28}: java.lang.invoke.DirectMethodHandle$Holder.invokeSpecial(Ljava/lang/Object;Ljava/lang/Object;Ljava/lang/Object;Ljava/lang/Object;Ljava/lang/Object;Ljava/lang/Object;Ljava/lang/Object;Ljava/la
Event: 3.153 Thread 0x0000027b7d3fa000 Exception <a 'java/lang/NoSuchMethodError'{0x00000000ee22fbd8}: java.lang.invoke.Invokers$Holder.invoker(Ljava/lang/Object;Ljava/lang/Object;Ljava/lang/Object;Ljava/lang/Object;Ljava/lang/Object;Ljava/lang/Object;Ljava/lang/Object;Ljava/lang/Object;Ljava/
Event: 3.153 Thread 0x0000027b7d3fa000 Exception <a 'java/lang/NoSuchMethodError'{0x00000000ee236ca8}: java.lang.invoke.DelegatingMethodHandle$Holder.delegate(Ljava/lang/Object;Ljava/lang/Object;Ljava/lang/Object;Ljava/lang/Object;Ljava/lang/Object;Ljava/lang/Object;Ljava/lang/Object;Ljava/lan
Event: 3.156 Thread 0x0000027b7d3fa000 Exception <a 'java/lang/NoSuchMethodError'{0x00000000ee281330}: java.lang.invoke.DirectMethodHandle$Holder.invokeStatic(Ljava/lang/Object;Ljava/lang/Object;Ljava/lang/Object;Ljava/lang/Object;Ljava/lang/Object;Ljava/lang/Object;Ljava/lang/Object;Ljava/lan
Event: 3.156 Thread 0x0000027b7d3fa000 Exception <a 'java/lang/NoSuchMethodError'{0x00000000ee292c68}: java.lang.invoke.DirectMethodHandle$Holder.invokeStatic(Ljava/lang/Object;Ljava/lang/Object;Ljava/lang/Object;Ljava/lang/Object;Ljava/lang/Object;Ljava/lang/Object;Ljava/lang/Object;Ljava/lan
Event: 3.157 Thread 0x0000027b7d3fa000 Exception <a 'java/lang/NoSuchMethodError'{0x00000000ee2a2fa0}: java.lang.invoke.DelegatingMethodHandle$Holder.reinvoke_L(Ljava/lang/Object;Ljava/lang/Object;Ljava/lang/Object;Ljava/lang/Object;Ljava/lang/Object;Ljava/lang/Object;Ljava/lang/Object;Ljava/l
Event: 3.172 Thread 0x0000027b7d3fa000 Exception <a 'java/lang/NoSuchMethodError'{0x00000000edfdfee8}: java.lang.invoke.DirectMethodHandle$Holder.invokeStaticInit(Ljava/lang/Object;Ljava/lang/Object;Ljava/lang/Object;Ljava/lang/Object;)Ljava/lang/Object;> (0x00000000edfdfee8) thrown at [./open
Event: 3.188 Thread 0x0000027b7d3fa000 Exception <a 'java/lang/NoSuchMethodError'{0x00000000edb42918}: java.lang.invoke.DirectMethodHandle$Holder.invokeSpecial(Ljava/lang/Object;Ljava/lang/Object;Ljava/lang/Object;Ljava/lang/Object;Ljava/lang/Object;Ljava/lang/Object;Ljava/lang/Object;Ljava/la
Event: 3.188 Thread 0x0000027b7d3fa000 Exception <a 'java/lang/NoSuchMethodError'{0x00000000edb46f90}: java.lang.invoke.Invokers$Holder.linkToTargetMethod(Ljava/lang/Object;Ljava/lang/Object;Ljava/lang/Object;Ljava/lang/Object;Ljava/lang/Object;Ljava/lang/Object;Ljava/lang/Object;Ljava/lang/Ob
Event: 3.192 Thread 0x0000027b7d3fa000 Exception <a 'java/lang/NoSuchMethodError'{0x00000000eda5d128}: java.lang.invoke.DirectMethodHandle$Holder.invokeStatic(Ljava/lang/Object;Ljava/lang/Object;Ljava/lang/Object;Ljava/lang/Object;)V> (0x00000000eda5d128) thrown at [./open/src/hotspot/share/in

Events (10 events):
Event: 3.221 loading class org/gradle/configuration/ScriptPluginFactorySelector$ProviderInstantiator
Event: 3.221 loading class org/gradle/configuration/ScriptPluginFactorySelector$ProviderInstantiator done
Event: 3.221 loading class org/gradle/configuration/ScriptPluginFactorySelector$1
Event: 3.221 loading class org/gradle/configuration/ScriptPluginFactorySelector$1 done
Event: 3.222 loading class org/gradle/configuration/DefaultScriptPluginFactory
Event: 3.222 loading class org/gradle/configuration/DefaultScriptPluginFactory done
Event: 3.222 loading class org/gradle/groovy/scripts/internal/ScriptSourceListener
Event: 3.222 loading class org/gradle/groovy/scripts/internal/ScriptSourceListener done
Event: 3.223 loading class org/gradle/api/internal/initialization/DefaultBuildLogicBuilder
Event: 3.223 loading class org/gradle/api/internal/initialization/DefaultBuildLogicBuilder done


Dynamic libraries:
0x00007ff79ea30000 - 0x00007ff79ea3f000 	C:\Java\jdk-11.0.15\bin\java.exe
0x00007ffe233f0000 - 0x00007ffe235e8000 	C:\Windows\SYSTEM32\ntdll.dll
0x00007ffe22220000 - 0x00007ffe222e1000 	C:\Windows\System32\KERNEL32.DLL
0x00007ffe20c00000 - 0x00007ffe20efd000 	C:\Windows\System32\KERNELBASE.dll
0x00007ffe20f90000 - 0x00007ffe21090000 	C:\Windows\System32\ucrtbase.dll
0x00007ffe03280000 - 0x00007ffe03298000 	C:\Java\jdk-11.0.15\bin\jli.dll
0x00007ffdf9d90000 - 0x00007ffdf9da5000 	C:\Java\jdk-11.0.15\bin\VCRUNTIME140.dll
0x00007ffe23300000 - 0x00007ffe233b0000 	C:\Windows\System32\ADVAPI32.dll
0x00007ffe22620000 - 0x00007ffe226be000 	C:\Windows\System32\msvcrt.dll
0x00007ffe22db0000 - 0x00007ffe22e50000 	C:\Windows\System32\sechost.dll
0x00007ffe23010000 - 0x00007ffe23133000 	C:\Windows\System32\RPCRT4.dll
0x00007ffe21090000 - 0x00007ffe210b7000 	C:\Windows\System32\bcrypt.dll
0x00007ffe22700000 - 0x00007ffe2289d000 	C:\Windows\System32\USER32.dll
0x00007ffe21110000 - 0x00007ffe21132000 	C:\Windows\System32\win32u.dll
0x00007ffe21540000 - 0x00007ffe2156b000 	C:\Windows\System32\GDI32.dll
0x00007ffe21250000 - 0x00007ffe21367000 	C:\Windows\System32\gdi32full.dll
0x00007ffe10d70000 - 0x00007ffe1100a000 	C:\Windows\WinSxS\amd64_microsoft.windows.common-controls_6595b64144ccf1df_6.0.19041.4355_none_60b8b9eb71f62e16\COMCTL32.dll
0x00007ffe21140000 - 0x00007ffe211dd000 	C:\Windows\System32\msvcp_win.dll
0x00007ffe16280000 - 0x00007ffe1628a000 	C:\Windows\SYSTEM32\VERSION.dll
0x00007ffe226d0000 - 0x00007ffe226ff000 	C:\Windows\System32\IMM32.DLL
0x00007ffde7480000 - 0x00007ffde751b000 	C:\Java\jdk-11.0.15\bin\msvcp140.dll
0x00007ffd8fa90000 - 0x00007ffd905a6000 	C:\Java\jdk-11.0.15\bin\server\jvm.dll
0x00007ffe222f0000 - 0x00007ffe222f8000 	C:\Windows\System32\PSAPI.DLL
0x00007ffe1b760000 - 0x00007ffe1b787000 	C:\Windows\SYSTEM32\WINMM.dll
0x00007ffe11250000 - 0x00007ffe11259000 	C:\Windows\SYSTEM32\WSOCK32.dll
0x00007ffe22f10000 - 0x00007ffe22f7b000 	C:\Windows\System32\WS2_32.dll
0x00007ffe1f2c0000 - 0x00007ffe1f2d2000 	C:\Windows\SYSTEM32\kernel.appcore.dll
0x00007ffe03270000 - 0x00007ffe03280000 	C:\Java\jdk-11.0.15\bin\verify.dll
0x00007ffe1e830000 - 0x00007ffe1ea14000 	C:\Windows\SYSTEM32\DBGHELP.DLL
0x00007ffe1b6e0000 - 0x00007ffe1b714000 	C:\Windows\SYSTEM32\dbgcore.DLL
0x00007ffe20f00000 - 0x00007ffe20f82000 	C:\Windows\System32\bcryptPrimitives.dll
0x00007ffdf66b0000 - 0x00007ffdf66d8000 	C:\Java\jdk-11.0.15\bin\java.dll
0x00007ffe03040000 - 0x00007ffe0304a000 	C:\Java\jdk-11.0.15\bin\jimage.dll
0x00007ffe01b40000 - 0x00007ffe01b4e000 	C:\Java\jdk-11.0.15\bin\instrument.dll
0x00007ffdf89e0000 - 0x00007ffdf89f6000 	C:\Java\jdk-11.0.15\bin\zip.dll
0x00007ffe219e0000 - 0x00007ffe2214f000 	C:\Windows\System32\SHELL32.dll
0x00007ffe1eb00000 - 0x00007ffe1f2a3000 	C:\Windows\SYSTEM32\windows.storage.dll
0x00007ffe22a50000 - 0x00007ffe22da3000 	C:\Windows\System32\combase.dll
0x00007ffe204d0000 - 0x00007ffe204fe000 	C:\Windows\SYSTEM32\Wldp.dll
0x00007ffe22150000 - 0x00007ffe2221d000 	C:\Windows\System32\OLEAUT32.dll
0x00007ffe22300000 - 0x00007ffe223ad000 	C:\Windows\System32\SHCORE.dll
0x00007ffe22eb0000 - 0x00007ffe22f05000 	C:\Windows\System32\shlwapi.dll
0x00007ffe209d0000 - 0x00007ffe209f4000 	C:\Windows\SYSTEM32\profapi.dll
0x00007ffdf5c40000 - 0x00007ffdf5c59000 	C:\Java\jdk-11.0.15\bin\net.dll
0x00007ffe1a600000 - 0x00007ffe1a70d000 	C:\Windows\SYSTEM32\WINHTTP.dll
0x00007ffe20230000 - 0x00007ffe2029a000 	C:\Windows\system32\mswsock.dll
0x00007ffdf5770000 - 0x00007ffdf5782000 	C:\Java\jdk-11.0.15\bin\nio.dll
0x00007ffe06790000 - 0x00007ffe067b7000 	C:\Users\USER\.gradle\native\c067742578af261105cb4f569cf0c3c89f3d7b1fecec35dd04571415982c5e48\windows-amd64\native-platform.dll
0x00007ffdc1020000 - 0x00007ffdc1164000 	C:\Users\USER\.gradle\native\100fb08df4bc3b14c8652ba06237920a3bd2aa13389f12d3474272988ae205f9\windows-amd64\native-platform-file-events.dll
0x00007ffe134b0000 - 0x00007ffe134b9000 	C:\Java\jdk-11.0.15\bin\management.dll
0x00007ffe134a0000 - 0x00007ffe134ab000 	C:\Java\jdk-11.0.15\bin\management_ext.dll
0x00007ffe20420000 - 0x00007ffe20438000 	C:\Windows\SYSTEM32\CRYPTSP.dll
0x00007ffe1fae0000 - 0x00007ffe1fb14000 	C:\Windows\system32\rsaenh.dll
0x00007ffe20950000 - 0x00007ffe2097e000 	C:\Windows\SYSTEM32\USERENV.dll
0x00007ffe20440000 - 0x00007ffe2044c000 	C:\Windows\SYSTEM32\CRYPTBASE.dll
0x00007ffe1fec0000 - 0x00007ffe1fefb000 	C:\Windows\SYSTEM32\IPHLPAPI.DLL
0x00007ffe232f0000 - 0x00007ffe232f8000 	C:\Windows\System32\NSI.dll
0x00007ffe17200000 - 0x00007ffe17217000 	C:\Windows\SYSTEM32\dhcpcsvc6.DLL
0x00007ffe193c0000 - 0x00007ffe193dd000 	C:\Windows\SYSTEM32\dhcpcsvc.DLL
0x00007ffe1ff10000 - 0x00007ffe1ffda000 	C:\Windows\SYSTEM32\DNSAPI.dll

dbghelp: loaded successfully - version: 4.0.5 - missing functions: none
symbol engine: initialized successfully - sym options: 0x614 - pdb path: .;C:\Java\jdk-11.0.15\bin;C:\Windows\SYSTEM32;C:\Windows\WinSxS\amd64_microsoft.windows.common-controls_6595b64144ccf1df_6.0.19041.4355_none_60b8b9eb71f62e16;C:\Java\jdk-11.0.15\bin\server;C:\Users\USER\.gradle\native\c067742578af261105cb4f569cf0c3c89f3d7b1fecec35dd04571415982c5e48\windows-amd64;C:\Users\USER\.gradle\native\100fb08df4bc3b14c8652ba06237920a3bd2aa13389f12d3474272988ae205f9\windows-amd64

VM Arguments:
jvm_args: --add-opens=java.base/java.util=ALL-UNNAMED --add-opens=java.base/java.lang=ALL-UNNAMED --add-opens=java.base/java.lang.invoke=ALL-UNNAMED --add-opens=java.prefs/java.util.prefs=ALL-UNNAMED --add-exports=jdk.compiler/com.sun.tools.javac.api=ALL-UNNAMED --add-exports=jdk.compiler/com.sun.tools.javac.util=ALL-UNNAMED --add-opens=java.base/java.nio.charset=ALL-UNNAMED --add-opens=java.base/java.net=ALL-UNNAMED --add-opens=java.base/java.util.concurrent.atomic=ALL-UNNAMED -XX:MaxMetaspaceSize=384m -XX:+HeapDumpOnOutOfMemoryError -Xms256m -Xmx512m -Dfile.encoding=x-windows-949 -Duser.country=KR -Duser.language=ko -Duser.variant -javaagent:C:\Users\USER\.gradle\wrapper\dists\gradle-8.10.1-bin\e90i968nv55tch01zkse4avv3\gradle-8.10.1\lib\agents\gradle-instrumentation-agent-8.10.1.jar 
java_command: org.gradle.launcher.daemon.bootstrap.GradleDaemon 8.10.1
java_class_path (initial): C:\Users\USER\.gradle\wrapper\dists\gradle-8.10.1-bin\e90i968nv55tch01zkse4avv3\gradle-8.10.1\lib\gradle-daemon-main-8.10.1.jar
Launcher Type: SUN_STANDARD

[Global flags]
     intx CICompilerCount                          = 4                                         {product} {ergonomic}
   size_t CompressedClassSpaceSize                 = 394264576                                 {product} {ergonomic}
     uint ConcGCThreads                            = 2                                         {product} {ergonomic}
     uint G1ConcRefinementThreads                  = 8                                         {product} {ergonomic}
   size_t G1HeapRegionSize                         = 1048576                                   {product} {ergonomic}
    uintx GCDrainStackTargetSize                   = 64                                        {product} {ergonomic}
     bool HeapDumpOnOutOfMemoryError               = true                                   {manageable} {command line}
   size_t InitialHeapSize                          = 268435456                                 {product} {command line}
   size_t MarkStackSize                            = 4194304                                   {product} {ergonomic}
   size_t MaxHeapSize                              = 536870912                                 {product} {command line}
   size_t MaxMetaspaceSize                         = 402653184                                 {product} {command line}
   size_t MaxNewSize                               = 321912832                                 {product} {ergonomic}
   size_t MinHeapDeltaBytes                        = 1048576                                   {product} {ergonomic}
    uintx NonNMethodCodeHeapSize                   = 5836300                                {pd product} {ergonomic}
    uintx NonProfiledCodeHeapSize                  = 122910970                              {pd product} {ergonomic}
    uintx ProfiledCodeHeapSize                     = 122910970                              {pd product} {ergonomic}
    uintx ReservedCodeCacheSize                    = 251658240                              {pd product} {ergonomic}
     bool SegmentedCodeCache                       = true                                      {product} {ergonomic}
     bool UseCompressedClassPointers               = true                                 {lp64_product} {ergonomic}
     bool UseCompressedOops                        = true                                 {lp64_product} {ergonomic}
     bool UseG1GC                                  = true                                      {product} {ergonomic}
     bool UseLargePagesIndividualAllocation        = false                                  {pd product} {ergonomic}

Logging:
Log output configuration:
 #0: stdout all=warning uptime,level,tags
 #1: stderr all=off uptime,level,tags

Environment Variables:
JAVA_HOME=C:\Java\jdk-11.0.15
PATH=C:\WINDOWS\system32;C:\oraclexe\app\oracle\product\11.2.0\server\bin;C:\Java\jdk-11.0.15\bin;C:\nodejs;C:\Program Files\Common Files\Oracle\Java\javapath;C:\Program Files\Bandizip\;C:\Program Files\dotnet\;C:\Program Files\Zulu\zulu-8\bin\;C:\Git\cmd;C:\Program Files\MySQL\MySQL Server 8.0\bin;C:\PuTTY\;C:\Redis\;C:\Windows\System32\WindowsPowerShell\v1.0;C:\Program Files\MySQL\MySQL Shell 8.0\bin\;C:\Users\USER\AppData\Local\Microsoft\WindowsApps;C:\Users\USER\.dotnet\tools;C:\Users\USER\AppData\Local\afreeca;C:\study_flutter\resource\flutter\bin;
USERNAME=USER
OS=Windows_NT
PROCESSOR_IDENTIFIER=Intel64 Family 6 Model 140 Stepping 1, GenuineIntel



---------------  S Y S T E M  ---------------

OS: Windows 10 , 64 bit Build 19041 (10.0.19041.4842)

CPU:total 8 (initial active 8) (4 cores per cpu, 2 threads per core) family 6 model 140 stepping 1 microcode 0x8a, cmov, cx8, fxsr, mmx, sse, sse2, sse3, ssse3, sse4.1, sse4.2, popcnt, avx, avx2, aes, clmul, erms, 3dnowpref, lzcnt, ht, tsc, tscinvbit, bmi1, bmi2, adx, evex, sha, fma

Memory: 4k page, system-wide physical 16108M (1820M free)
TotalPageFile size 65260M (AvailPageFile size 8M)
current process WorkingSet (physical memory assigned to process): 326M, peak: 331M
current process commit charge ("private bytes"): 448M, peak: 453M

vm_info: Java HotSpot(TM) 64-Bit Server VM (11.0.15+8-LTS-149) for windows-amd64 JRE (11.0.15+8-LTS-149), built on Mar  9 2022 22:42:32 by "mach5one" with MS VC++ 15.9 (VS2017)

END.
