#
# There is insufficient memory for the Java Runtime Environment to continue.
# Native memory allocation (mmap) failed to map 264241152 bytes for Failed to commit area from 0x0000000704400000 to 0x0000000714000000 of length 264241152.
# Possible reasons:
#   The system is out of physical RAM or swap space
#   The process is running with CompressedOops enabled, and the Java Heap may be blocking the growth of the native heap
# Possible solutions:
#   Reduce memory load on the system
#   Increase physical memory or swap space
#   Check if swap backing store is full
#   Decrease Java heap size (-Xmx/-Xms)
#   Decrease number of Java threads
#   Decrease Java thread stack sizes (-Xss)
#   Set larger code cache with -XX:ReservedCodeCacheSize=
# This output file may be truncated or incomplete.
#
#  Out of Memory Error (./open/src/hotspot/os/windows/os_windows.cpp:3287), pid=33568, tid=2336
#
# JRE version:  (11.0.15+8) (build )
# Java VM: Java HotSpot(TM) 64-Bit Server VM (11.0.15+8-LTS-149, mixed mode, sharing, tiered, compressed oops, g1 gc, windows-amd64)
# No core dump will be written. Minidumps are not enabled by default on client versions of Windows
#

---------------  S U M M A R Y ------------

Command Line: -XX:TieredStopAtLevel=1 -Xverify:none -Dspring.output.ansi.enabled=always -Dcom.sun.management.jmxremote -Dspring.jmx.enabled=true -Dspring.liveBeansView.mbeanDomain -Dspring.application.admin.enabled=true -Dmanagement.endpoints.jmx.exposure.include=* -javaagent:C:\gb_0900_chj\spring\resource\ideaIU-2023.2.1.win\lib\idea_rt.jar=56576:C:\gb_0900_chj\spring\resource\ideaIU-2023.2.1.win\bin -Dfile.encoding=UTF-8 com.app.jungdreamweb.JungDreamWebApplication

Host: 11th Gen Intel(R) Core(TM) i7-1165G7 @ 2.80GHz, 8 cores, 15G,  Windows 10 , 64 bit Build 19041 (10.0.19041.4842)
Time: Sun Sep 22 16:46:28 2024 대한민국 표준시 elapsed time: 0.076931 seconds (0d 0h 0m 0s)

---------------  T H R E A D  ---------------

Current thread (0x000001aee3f81800):  JavaThread "Unknown thread" [_thread_in_vm, id=2336, stack(0x00000063ac100000,0x00000063ac200000)]

Stack: [0x00000063ac100000,0x00000063ac200000]
Native frames: (J=compiled Java code, j=interpreted, Vv=VM code, C=native code)
V  [jvm.dll+0x629d8a]
V  [jvm.dll+0x7638ff]
V  [jvm.dll+0x764fa9]
V  [jvm.dll+0x765633]
V  [jvm.dll+0x23d9c8]
V  [jvm.dll+0x6270aa]
V  [jvm.dll+0x61be35]
V  [jvm.dll+0x2f27dc]
V  [jvm.dll+0x2f2662]
V  [jvm.dll+0x2f7386]
V  [jvm.dll+0x339d8f]
V  [jvm.dll+0x3397c0]
V  [jvm.dll+0x2cfdf8]
V  [jvm.dll+0x2d0f66]
V  [jvm.dll+0x73df07]
V  [jvm.dll+0x73f79f]
V  [jvm.dll+0x346ab9]
V  [jvm.dll+0x723810]
V  [jvm.dll+0x3b56cf]
V  [jvm.dll+0x3b77e1]
C  [jli.dll+0x5207]
C  [ucrtbase.dll+0x21bb2]
C  [KERNEL32.DLL+0x17374]
C  [ntdll.dll+0x4cc91]


---------------  P R O C E S S  ---------------

Threads class SMR info:
_java_thread_list=0x000001aee1c91940, length=0, elements={
}

Java Threads: ( => current thread )

Other Threads:
  0x000001aee3f96800 GCTaskThread "GC Thread#0" [stack: 0x00000063ac200000,0x00000063ac300000] [id=16120]
  0x000001aee3ff2800 ConcurrentGCThread "G1 Main Marker" [stack: 0x00000063ac300000,0x00000063ac400000] [id=34136]
  0x000001aee3ff5800 ConcurrentGCThread "G1 Conc#0" [stack: 0x00000063ac400000,0x00000063ac500000] [id=25380]

[error occurred during error reporting (printing all threads), id 0xc0000005, EXCEPTION_ACCESS_VIOLATION (0xc0000005) at pc=0x00007ffd8fd6f087]

VM state:not at safepoint (not fully initialized)

VM Mutex/Monitor currently owned by a thread:  ([mutex/lock_event])
[0x000001aee3f7d980] Heap_lock - owner thread: 0x000001aee3f81800

Heap address: 0x0000000704400000, size: 4028 MB, Compressed Oops mode: Non-zero based: 0x0000000704400000
Narrow klass base: 0x0000000000000000, Narrow klass shift: 0

GC Heap History (0 events):
No events

Deoptimization events (0 events):
No events

Classes redefined (0 events):
No events

Internal exceptions (0 events):
No events

Events (0 events):
No events


Dynamic libraries:
0x00007ff79ea30000 - 0x00007ff79ea3f000 	C:\Java\jdk-11.0.15\bin\java.exe
0x00007ffe233f0000 - 0x00007ffe235e8000 	C:\Windows\SYSTEM32\ntdll.dll
0x00007ffe22220000 - 0x00007ffe222e1000 	C:\Windows\System32\KERNEL32.DLL
0x00007ffe20c00000 - 0x00007ffe20efd000 	C:\Windows\System32\KERNELBASE.dll
0x00007ffe20f90000 - 0x00007ffe21090000 	C:\Windows\System32\ucrtbase.dll
0x00007ffe03280000 - 0x00007ffe03298000 	C:\Java\jdk-11.0.15\bin\jli.dll
0x00007ffdf9d90000 - 0x00007ffdf9da5000 	C:\Java\jdk-11.0.15\bin\VCRUNTIME140.dll
0x00007ffe23300000 - 0x00007ffe233b0000 	C:\Windows\System32\ADVAPI32.dll
0x00007ffe22620000 - 0x00007ffe226be000 	C:\Windows\System32\msvcrt.dll
0x00007ffe22db0000 - 0x00007ffe22e50000 	C:\Windows\System32\sechost.dll
0x00007ffe23010000 - 0x00007ffe23133000 	C:\Windows\System32\RPCRT4.dll
0x00007ffe21090000 - 0x00007ffe210b7000 	C:\Windows\System32\bcrypt.dll
0x00007ffe22700000 - 0x00007ffe2289d000 	C:\Windows\System32\USER32.dll
0x00007ffe21110000 - 0x00007ffe21132000 	C:\Windows\System32\win32u.dll
0x00007ffe21540000 - 0x00007ffe2156b000 	C:\Windows\System32\GDI32.dll
0x00007ffe10d70000 - 0x00007ffe1100a000 	C:\Windows\WinSxS\amd64_microsoft.windows.common-controls_6595b64144ccf1df_6.0.19041.4355_none_60b8b9eb71f62e16\COMCTL32.dll
0x00007ffe21250000 - 0x00007ffe21367000 	C:\Windows\System32\gdi32full.dll
0x00007ffe21140000 - 0x00007ffe211dd000 	C:\Windows\System32\msvcp_win.dll
0x00007ffe16280000 - 0x00007ffe1628a000 	C:\Windows\SYSTEM32\VERSION.dll
0x00007ffe226d0000 - 0x00007ffe226ff000 	C:\Windows\System32\IMM32.DLL
0x00007ffde7480000 - 0x00007ffde751b000 	C:\Java\jdk-11.0.15\bin\msvcp140.dll
0x00007ffd8fa90000 - 0x00007ffd905a6000 	C:\Java\jdk-11.0.15\bin\server\jvm.dll
0x00007ffe222f0000 - 0x00007ffe222f8000 	C:\Windows\System32\PSAPI.DLL
0x00007ffe1b760000 - 0x00007ffe1b787000 	C:\Windows\SYSTEM32\WINMM.dll
0x00007ffe11250000 - 0x00007ffe11259000 	C:\Windows\SYSTEM32\WSOCK32.dll
0x00007ffe22f10000 - 0x00007ffe22f7b000 	C:\Windows\System32\WS2_32.dll
0x00007ffe1f2c0000 - 0x00007ffe1f2d2000 	C:\Windows\SYSTEM32\kernel.appcore.dll
0x00007ffe03270000 - 0x00007ffe03280000 	C:\Java\jdk-11.0.15\bin\verify.dll
0x00007ffe1e830000 - 0x00007ffe1ea14000 	C:\Windows\SYSTEM32\DBGHELP.DLL
0x00007ffe1b6e0000 - 0x00007ffe1b714000 	C:\Windows\SYSTEM32\dbgcore.DLL
0x00007ffe20f00000 - 0x00007ffe20f82000 	C:\Windows\System32\bcryptPrimitives.dll
0x00007ffdf66b0000 - 0x00007ffdf66d8000 	C:\Java\jdk-11.0.15\bin\java.dll
0x00007ffe03040000 - 0x00007ffe0304a000 	C:\Java\jdk-11.0.15\bin\jimage.dll
0x00007ffe01b40000 - 0x00007ffe01b4e000 	C:\Java\jdk-11.0.15\bin\instrument.dll
0x00007ffdf89e0000 - 0x00007ffdf89f6000 	C:\Java\jdk-11.0.15\bin\zip.dll

dbghelp: loaded successfully - version: 4.0.5 - missing functions: none
symbol engine: initialized successfully - sym options: 0x614 - pdb path: .;C:\Java\jdk-11.0.15\bin;C:\Windows\SYSTEM32;C:\Windows\WinSxS\amd64_microsoft.windows.common-controls_6595b64144ccf1df_6.0.19041.4355_none_60b8b9eb71f62e16;C:\Java\jdk-11.0.15\bin\server

VM Arguments:
jvm_args: -XX:TieredStopAtLevel=1 -Xverify:none -Dspring.output.ansi.enabled=always -Dcom.sun.management.jmxremote -Dspring.jmx.enabled=true -Dspring.liveBeansView.mbeanDomain -Dspring.application.admin.enabled=true -Dmanagement.endpoints.jmx.exposure.include=* -javaagent:C:\gb_0900_chj\spring\resource\ideaIU-2023.2.1.win\lib\idea_rt.jar=56576:C:\gb_0900_chj\spring\resource\ideaIU-2023.2.1.win\bin -Dfile.encoding=UTF-8 
java_command: com.app.jungdreamweb.JungDreamWebApplication
java_class_path (initial): C:\spring-JungDream\workspace-alone\jung-dream-web\build\classes\java\main;C:\spring-JungDream\workspace-alone\jung-dream-web\build\resources\main;C:\Users\USER\.gradle\caches\modules-2\files-2.1\org.projectlombok\lombok\1.18.26\8f8cf0372abf564913e9796623aac4c8ea44025a\lombok-1.18.26.jar;C:\Users\USER\.gradle\caches\modules-2\files-2.1\org.springframework.boot\spring-boot-starter-thymeleaf\2.7.12\2abc3b0955eb7aee9ae4a97b3c8e660b9f7846fb\spring-boot-starter-thymeleaf-2.7.12.jar;C:\Users\USER\.gradle\caches\modules-2\files-2.1\org.springframework.boot\spring-boot-starter-web\2.7.12\aba3f96331e2cfa316d8ec7446804721120a0552\spring-boot-starter-web-2.7.12.jar;C:\Users\USER\.gradle\caches\modules-2\files-2.1\org.mybatis.spring.boot\mybatis-spring-boot-starter\3.0.0\a111b1f4573256fd5511def95bb5a426b9c93a4c\mybatis-spring-boot-starter-3.0.0.jar;C:\Users\USER\.gradle\caches\modules-2\files-2.1\org.bgee.log4jdbc-log4j2\log4jdbc-log4j2-jdbc4.1\1.16\ce7cd831b2e3e5d428e659a6fdae0fb6b89f3cc7\log4jdbc-log4j2-jdbc4.1-1.16.jar;C:\Users\USER\.gradle\caches\modules-2\files-2.1\org.apache.poi\poi-ooxml\5.2.3\2efd11c940adb18c03eb9ce7ad88fc40ee6a196\poi-ooxml-5.2.3.jar;C:\Users\USER\.gradle\caches\modules-2\files-2.1\org.apache.poi\poi\5.2.3\2fb22ae74ad5aea6af1a9c64b9542f2ccf348604\poi-5.2.3.jar;C:\Users\USER\.gradle\caches\modules-2\files-2.1\org.apache.commons\commons-collections4\4.4\62ebe7544cb7164d87e0637a2a6a2bdc981395e8\commons-collections4-4.4.jar;C:\Users\USER\.gradle\caches\modules-2\files-2.1\org.springframework.boot\spring-boot-starter\2.7.12\a5f6a95e4e4a50cfaf0f14c86240d8be49637141\spring-boot-starter-2.7.12.jar;C:\Users\USER\.gradle\caches\modules-2\files-2.1\org.thymeleaf\thymeleaf-spring5\3.0.15.RELEASE\7170e1bcd1588d38c139f7048ebcc262676441c3\thymeleaf-spring5-3.0.15.RELEASE.jar;C:\Users\USER\.gradle\caches\modules-2\files-2.1\org.thymeleaf.extras\thymeleaf-extras-java8time\3.0.4.RELEASE\36e7175ddce36c486fff4578b5af7bb32f54f5df\thymeleaf-extr
Launcher Type: SUN_STANDARD

[Global flags]
     bool BytecodeVerificationLocal                = false                                     {product} {command line}
     bool BytecodeVerificationRemote               = false                                     {product} {command line}
     intx CICompilerCount                          = 4                                         {product} {ergonomic}
     uint ConcGCThreads                            = 2                                         {product} {ergonomic}
     uint G1ConcRefinementThreads                  = 8                                         {product} {ergonomic}
   size_t G1HeapRegionSize                         = 1048576                                   {product} {ergonomic}
    uintx GCDrainStackTargetSize                   = 64                                        {product} {ergonomic}
   size_t InitialHeapSize                          = 264241152                                 {product} {ergonomic}
     bool ManagementServer                         = true                                      {product} {command line}
   size_t MarkStackSize                            = 4194304                                   {product} {ergonomic}
   size_t MaxHeapSize                              = 4223664128                                {product} {ergonomic}
   size_t MinHeapDeltaBytes                        = 1048576                                   {product} {ergonomic}
    uintx NonNMethodCodeHeapSize                   = 7549744                                {pd product} {ergonomic}
    uintx NonProfiledCodeHeapSize                  = 244108496                              {pd product} {ergonomic}
    uintx ProfiledCodeHeapSize                     = 0                                      {pd product} {ergonomic}
    uintx ReservedCodeCacheSize                    = 251658240                              {pd product} {ergonomic}
     bool SegmentedCodeCache                       = true                                      {product} {ergonomic}
     intx TieredStopAtLevel                        = 1                                         {product} {command line}
     bool UseCompressedClassPointers               = true                                 {lp64_product} {ergonomic}
     bool UseCompressedOops                        = true                                 {lp64_product} {ergonomic}
     bool UseG1GC                                  = true                                      {product} {ergonomic}
     bool UseLargePagesIndividualAllocation        = false                                  {pd product} {ergonomic}

Logging:
Log output configuration:
 #0: stdout all=warning uptime,level,tags
 #1: stderr all=off uptime,level,tags

Environment Variables:
JAVA_HOME=C:\Java\jdk-11.0.15
PATH=C:\WINDOWS\system32;C:\oraclexe\app\oracle\product\11.2.0\server\bin;C:\Java\jdk-11.0.15\bin;C:\nodejs;C:\Program Files\Common Files\Oracle\Java\javapath;C:\Program Files\Bandizip\;C:\Program Files\dotnet\;C:\Program Files\Zulu\zulu-8\bin\;C:\Git\cmd;C:\Program Files\MySQL\MySQL Server 8.0\bin;C:\PuTTY\;C:\Redis\;C:\Windows\System32\WindowsPowerShell\v1.0;C:\Program Files\MySQL\MySQL Shell 8.0\bin\;C:\Users\USER\AppData\Local\Microsoft\WindowsApps;C:\Users\USER\.dotnet\tools;C:\Users\USER\AppData\Local\afreeca;C:\study_flutter\resource\flutter\bin;
USERNAME=USER
OS=Windows_NT
PROCESSOR_IDENTIFIER=Intel64 Family 6 Model 140 Stepping 1, GenuineIntel



---------------  S Y S T E M  ---------------

OS: Windows 10 , 64 bit Build 19041 (10.0.19041.4842)

CPU:total 8 (initial active 8) (4 cores per cpu, 2 threads per core) family 6 model 140 stepping 1 microcode 0x8a, cmov, cx8, fxsr, mmx, sse, sse2, sse3, ssse3, sse4.1, sse4.2, popcnt, avx, avx2, aes, clmul, erms, 3dnowpref, lzcnt, ht, tsc, tscinvbit, bmi1, bmi2, adx, evex, sha, fma

Memory: 4k page, system-wide physical 16108M (2214M free)
TotalPageFile size 65260M (AvailPageFile size 198M)
current process WorkingSet (physical memory assigned to process): 10M, peak: 10M
current process commit charge ("private bytes"): 58M, peak: 310M

vm_info: Java HotSpot(TM) 64-Bit Server VM (11.0.15+8-LTS-149) for windows-amd64 JRE (11.0.15+8-LTS-149), built on Mar  9 2022 22:42:32 by "mach5one" with MS VC++ 15.9 (VS2017)

END.
